The target system is: Android - 16 - armv7-a
The host system is: Linux - 5.19.0-kali2-amd64 - x86_64
Compiling the C compiler identification source file "CMakeCCompilerId.c" succeeded.
Compiler: /home/magick/.buildozer/android/platform/android-ndk-r23b/toolchains/llvm/prebuilt/linux-x86_64/bin/clang 
Build flags: -target;armv7a-linux-androideabi21;-fomit-frame-pointer;-march=armv7-a;-mfloat-abi=softfp;-mfpu=vfp;-mthumb;-fPIC
Id flags: -c;--target=armv7-none-linux-androideabi16 

The output was:
0


Compilation of the C compiler identification source "CMakeCCompilerId.c" produced "CMakeCCompilerId.o"

The C compiler identification is Clang, found in "/home/magick/Documents/dwyt/.buildozer/android/platform/build-arm64-v8a_armeabi-v7a/build/other_builds/jpeg/armeabi-v7a__ndk_target_21/jpeg/CMakeFiles/3.24.2/CompilerIdC/CMakeCCompilerId.o"

Detecting C compiler ABI info compiled with the following output:
Change Dir: /home/magick/Documents/dwyt/.buildozer/android/platform/build-arm64-v8a_armeabi-v7a/build/other_builds/jpeg/armeabi-v7a__ndk_target_21/jpeg/CMakeFiles/CMakeTmp

Run Build Command(s):/usr/bin/gmake -f Makefile cmTC_32eb2/fast && make -j2  -f CMakeFiles/cmTC_32eb2.dir/build.make CMakeFiles/cmTC_32eb2.dir/build
make[1]: Entering directory '/home/magick/Documents/dwyt/.buildozer/android/platform/build-arm64-v8a_armeabi-v7a/build/other_builds/jpeg/armeabi-v7a__ndk_target_21/jpeg/CMakeFiles/CMakeTmp'
Building C object CMakeFiles/cmTC_32eb2.dir/CMakeCCompilerABI.c.o
/home/magick/.buildozer/android/platform/android-ndk-r23b/toolchains/llvm/prebuilt/linux-x86_64/bin/clang --target=armv7-none-linux-androideabi16 --sysroot=/home/magick/.buildozer/android/platform/android-ndk-r23b/toolchains/llvm/prebuilt/linux-x86_64/sysroot   -target armv7a-linux-androideabi21 -fomit-frame-pointer -march=armv7-a -mfloat-abi=softfp -mfpu=vfp -mthumb -fPIC    -DANDROID -fdata-sections -ffunction-sections -funwind-tables -fstack-protector-strong -no-canonical-prefixes -D_FORTIFY_SOURCE=2 -march=armv7-a -mthumb -Wformat -fexceptions  -O2 -g -DNDEBUG -fPIE   -v -MD -MT CMakeFiles/cmTC_32eb2.dir/CMakeCCompilerABI.c.o -MF CMakeFiles/cmTC_32eb2.dir/CMakeCCompilerABI.c.o.d -o CMakeFiles/cmTC_32eb2.dir/CMakeCCompilerABI.c.o -c /usr/share/cmake-3.24/Modules/CMakeCCompilerABI.c
Android (7714059, based on r416183c1) clang version 12.0.8 (https://android.googlesource.com/toolchain/llvm-project c935d99d7cf2016289302412d708641d52d2f7ee)
Target: armv7a-unknown-linux-android21
Thread model: posix
InstalledDir: /home/magick/.buildozer/android/platform/android-ndk-r23b/toolchains/llvm/prebuilt/linux-x86_64/bin
Found candidate GCC installation: /home/magick/.buildozer/android/platform/android-ndk-r23b/toolchains/llvm/prebuilt/linux-x86_64/bin/../lib/gcc/arm-linux-androideabi/4.9.x
Selected GCC installation: /home/magick/.buildozer/android/platform/android-ndk-r23b/toolchains/llvm/prebuilt/linux-x86_64/bin/../lib/gcc/arm-linux-androideabi/4.9.x
 (in-process)
 "/home/magick/.buildozer/android/platform/android-ndk-r23b/toolchains/llvm/prebuilt/linux-x86_64/bin/clang" -cc1 -triple thumbv7-unknown-linux-android21 -emit-obj --mrelax-relocations -mnoexecstack -disable-free -disable-llvm-verifier -discard-value-names -main-file-name CMakeCCompilerABI.c -mrelocation-model pic -pic-level 2 -pic-is-pie -mframe-pointer=none -fno-rounding-math -mconstructor-aliases -munwind-tables -target-cpu generic -target-feature +soft-float-abi -target-feature +vfp2 -target-feature +vfp2sp -target-feature -vfp3 -target-feature -vfp3d16 -target-feature -vfp3d16sp -target-feature -vfp3sp -target-feature -fp16 -target-feature -vfp4 -target-feature -vfp4d16 -target-feature -vfp4d16sp -target-feature -vfp4sp -target-feature -fp-armv8 -target-feature -fp-armv8d16 -target-feature -fp-armv8d16sp -target-feature -fp-armv8sp -target-feature -fullfp16 -target-feature +fp64 -target-feature -d32 -target-feature -neon -target-feature -crypto -target-feature -fp16fml -target-abi aapcs-linux -mfloat-abi soft -fallow-half-arguments-and-returns -fno-split-dwarf-inlining -debug-info-kind=limited -dwarf-version=4 -debugger-tuning=gdb -v -ffunction-sections -fdata-sections -resource-dir /home/magick/.buildozer/android/platform/android-ndk-r23b/toolchains/llvm/prebuilt/linux-x86_64/lib64/clang/12.0.8 -dependency-file CMakeFiles/cmTC_32eb2.dir/CMakeCCompilerABI.c.o.d -MT CMakeFiles/cmTC_32eb2.dir/CMakeCCompilerABI.c.o -sys-header-deps -D ANDROID -D _FORTIFY_SOURCE=2 -D NDEBUG -isysroot /home/magick/.buildozer/android/platform/android-ndk-r23b/toolchains/llvm/prebuilt/linux-x86_64/sysroot -internal-isystem /home/magick/.buildozer/android/platform/android-ndk-r23b/toolchains/llvm/prebuilt/linux-x86_64/sysroot/usr/local/include -internal-isystem /home/magick/.buildozer/android/platform/android-ndk-r23b/toolchains/llvm/prebuilt/linux-x86_64/lib64/clang/12.0.8/include -internal-externc-isystem /home/magick/.buildozer/android/platform/android-ndk-r23b/toolchains/llvm/prebuilt/linux-x86_64/sysroot/usr/include/arm-linux-androideabi -internal-externc-isystem /home/magick/.buildozer/android/platform/android-ndk-r23b/toolchains/llvm/prebuilt/linux-x86_64/sysroot/include -internal-externc-isystem /home/magick/.buildozer/android/platform/android-ndk-r23b/toolchains/llvm/prebuilt/linux-x86_64/sysroot/usr/include -O2 -Wformat -fdebug-compilation-dir /home/magick/Documents/dwyt/.buildozer/android/platform/build-arm64-v8a_armeabi-v7a/build/other_builds/jpeg/armeabi-v7a__ndk_target_21/jpeg/CMakeFiles/CMakeTmp -ferror-limit 19 -stack-protector 2 -fno-signed-char -fgnuc-version=4.2.1 -fexceptions -vectorize-loops -vectorize-slp -o CMakeFiles/cmTC_32eb2.dir/CMakeCCompilerABI.c.o -x c /usr/share/cmake-3.24/Modules/CMakeCCompilerABI.c
clang -cc1 version 12.0.8 based upon LLVM 12.0.8git default target x86_64-unknown-linux-gnu
ignoring nonexistent directory "/home/magick/.buildozer/android/platform/android-ndk-r23b/toolchains/llvm/prebuilt/linux-x86_64/sysroot/include"
#include "..." search starts here:
#include <...> search starts here:
 /home/magick/.buildozer/android/platform/android-ndk-r23b/toolchains/llvm/prebuilt/linux-x86_64/sysroot/usr/local/include
 /home/magick/.buildozer/android/platform/android-ndk-r23b/toolchains/llvm/prebuilt/linux-x86_64/lib64/clang/12.0.8/include
 /home/magick/.buildozer/android/platform/android-ndk-r23b/toolchains/llvm/prebuilt/linux-x86_64/sysroot/usr/include/arm-linux-androideabi
 /home/magick/.buildozer/android/platform/android-ndk-r23b/toolchains/llvm/prebuilt/linux-x86_64/sysroot/usr/include
End of search list.
Linking C executable cmTC_32eb2
/usr/bin/cmake -E cmake_link_script CMakeFiles/cmTC_32eb2.dir/link.txt --verbose=1
/home/magick/.buildozer/android/platform/android-ndk-r23b/toolchains/llvm/prebuilt/linux-x86_64/bin/clang --target=armv7-none-linux-androideabi16 --sysroot=/home/magick/.buildozer/android/platform/android-ndk-r23b/toolchains/llvm/prebuilt/linux-x86_64/sysroot -target armv7a-linux-androideabi21 -fomit-frame-pointer -march=armv7-a -mfloat-abi=softfp -mfpu=vfp -mthumb -fPIC    -DANDROID -fdata-sections -ffunction-sections -funwind-tables -fstack-protector-strong -no-canonical-prefixes -D_FORTIFY_SOURCE=2 -march=armv7-a -mthumb -Wformat -fexceptions  -O2 -g -DNDEBUG -Wl,--build-id=sha1 -Wl,--no-rosegment -Wl,--fatal-warnings -Qunused-arguments -Wl,--no-undefined  -Wl,--gc-sections   -L/home/magick/Documents/dwyt/.buildozer/android/platform/build-arm64-v8a_armeabi-v7a/build/libs_collections/dwyt/armeabi-v7a -v CMakeFiles/cmTC_32eb2.dir/CMakeCCompilerABI.c.o -o cmTC_32eb2   -latomic -lm 
Android (7714059, based on r416183c1) clang version 12.0.8 (https://android.googlesource.com/toolchain/llvm-project c935d99d7cf2016289302412d708641d52d2f7ee)
Target: armv7a-unknown-linux-android21
Thread model: posix
InstalledDir: /home/magick/.buildozer/android/platform/android-ndk-r23b/toolchains/llvm/prebuilt/linux-x86_64/bin
Found candidate GCC installation: /home/magick/.buildozer/android/platform/android-ndk-r23b/toolchains/llvm/prebuilt/linux-x86_64/bin/../lib/gcc/arm-linux-androideabi/4.9.x
Selected GCC installation: /home/magick/.buildozer/android/platform/android-ndk-r23b/toolchains/llvm/prebuilt/linux-x86_64/bin/../lib/gcc/arm-linux-androideabi/4.9.x
 "/home/magick/.buildozer/android/platform/android-ndk-r23b/toolchains/llvm/prebuilt/linux-x86_64/bin/ld" --sysroot=/home/magick/.buildozer/android/platform/android-ndk-r23b/toolchains/llvm/prebuilt/linux-x86_64/sysroot -pie -z noexecstack -EL --warn-shared-textrel -z now -z relro -z max-page-size=4096 -X --hash-style=both --enable-new-dtags --eh-frame-hdr -m armelf_linux_eabi -dynamic-linker /system/bin/linker -o cmTC_32eb2 /home/magick/.buildozer/android/platform/android-ndk-r23b/toolchains/llvm/prebuilt/linux-x86_64/sysroot/usr/lib/arm-linux-androideabi/21/crtbegin_dynamic.o -L/home/magick/Documents/dwyt/.buildozer/android/platform/build-arm64-v8a_armeabi-v7a/build/libs_collections/dwyt/armeabi-v7a -L/home/magick/.buildozer/android/platform/android-ndk-r23b/toolchains/llvm/prebuilt/linux-x86_64/lib64/clang/12.0.8/lib/linux/arm -L/home/magick/.buildozer/android/platform/android-ndk-r23b/toolchains/llvm/prebuilt/linux-x86_64/bin/../lib/gcc/arm-linux-androideabi/4.9.x -L/home/magick/.buildozer/android/platform/android-ndk-r23b/toolchains/llvm/prebuilt/linux-x86_64/sysroot/usr/lib/arm-linux-androideabi/21 -L/home/magick/.buildozer/android/platform/android-ndk-r23b/toolchains/llvm/prebuilt/linux-x86_64/sysroot/usr/lib/arm-linux-androideabi -L/home/magick/.buildozer/android/platform/android-ndk-r23b/toolchains/llvm/prebuilt/linux-x86_64/sysroot/usr/lib/../lib -L/home/magick/.buildozer/android/platform/android-ndk-r23b/toolchains/llvm/prebuilt/linux-x86_64/sysroot/usr/lib/arm-linux-androideabi/../../lib -L/home/magick/.buildozer/android/platform/android-ndk-r23b/toolchains/llvm/prebuilt/linux-x86_64/sysroot/usr/lib --build-id=sha1 --no-rosegment --fatal-warnings --no-undefined --gc-sections CMakeFiles/cmTC_32eb2.dir/CMakeCCompilerABI.c.o -latomic -lm /home/magick/.buildozer/android/platform/android-ndk-r23b/toolchains/llvm/prebuilt/linux-x86_64/lib64/clang/12.0.8/lib/linux/libclang_rt.builtins-arm-android.a -l:libunwind.a -ldl -lc /home/magick/.buildozer/android/platform/android-ndk-r23b/toolchains/llvm/prebuilt/linux-x86_64/lib64/clang/12.0.8/lib/linux/libclang_rt.builtins-arm-android.a -l:libunwind.a -ldl /home/magick/.buildozer/android/platform/android-ndk-r23b/toolchains/llvm/prebuilt/linux-x86_64/sysroot/usr/lib/arm-linux-androideabi/21/crtend_android.o
make[1]: Leaving directory '/home/magick/Documents/dwyt/.buildozer/android/platform/build-arm64-v8a_armeabi-v7a/build/other_builds/jpeg/armeabi-v7a__ndk_target_21/jpeg/CMakeFiles/CMakeTmp'



Parsed C implicit include dir info from above output: rv=done
  found start of include info
  found start of implicit include info
    add: [/home/magick/.buildozer/android/platform/android-ndk-r23b/toolchains/llvm/prebuilt/linux-x86_64/sysroot/usr/local/include]
    add: [/home/magick/.buildozer/android/platform/android-ndk-r23b/toolchains/llvm/prebuilt/linux-x86_64/lib64/clang/12.0.8/include]
    add: [/home/magick/.buildozer/android/platform/android-ndk-r23b/toolchains/llvm/prebuilt/linux-x86_64/sysroot/usr/include/arm-linux-androideabi]
    add: [/home/magick/.buildozer/android/platform/android-ndk-r23b/toolchains/llvm/prebuilt/linux-x86_64/sysroot/usr/include]
  end of search list found
  collapse include dir [/home/magick/.buildozer/android/platform/android-ndk-r23b/toolchains/llvm/prebuilt/linux-x86_64/sysroot/usr/local/include] ==> [/home/magick/.buildozer/android/platform/android-ndk-r23b/toolchains/llvm/prebuilt/linux-x86_64/sysroot/usr/local/include]
  collapse include dir [/home/magick/.buildozer/android/platform/android-ndk-r23b/toolchains/llvm/prebuilt/linux-x86_64/lib64/clang/12.0.8/include] ==> [/home/magick/.buildozer/android/platform/android-ndk-r23b/toolchains/llvm/prebuilt/linux-x86_64/lib64/clang/12.0.8/include]
  collapse include dir [/home/magick/.buildozer/android/platform/android-ndk-r23b/toolchains/llvm/prebuilt/linux-x86_64/sysroot/usr/include/arm-linux-androideabi] ==> [/home/magick/.buildozer/android/platform/android-ndk-r23b/toolchains/llvm/prebuilt/linux-x86_64/sysroot/usr/include/arm-linux-androideabi]
  collapse include dir [/home/magick/.buildozer/android/platform/android-ndk-r23b/toolchains/llvm/prebuilt/linux-x86_64/sysroot/usr/include] ==> [/home/magick/.buildozer/android/platform/android-ndk-r23b/toolchains/llvm/prebuilt/linux-x86_64/sysroot/usr/include]
  implicit include dirs: [/home/magick/.buildozer/android/platform/android-ndk-r23b/toolchains/llvm/prebuilt/linux-x86_64/sysroot/usr/local/include;/home/magick/.buildozer/android/platform/android-ndk-r23b/toolchains/llvm/prebuilt/linux-x86_64/lib64/clang/12.0.8/include;/home/magick/.buildozer/android/platform/android-ndk-r23b/toolchains/llvm/prebuilt/linux-x86_64/sysroot/usr/include/arm-linux-androideabi;/home/magick/.buildozer/android/platform/android-ndk-r23b/toolchains/llvm/prebuilt/linux-x86_64/sysroot/usr/include]


Parsed C implicit link information from above output:
  link line regex: [^( *|.*[/\])(ld\.lld|CMAKE_LINK_STARTFILE-NOTFOUND|([^/\]+-)?ld|collect2)[^/\]*( |$)]
  ignore line: [Change Dir: /home/magick/Documents/dwyt/.buildozer/android/platform/build-arm64-v8a_armeabi-v7a/build/other_builds/jpeg/armeabi-v7a__ndk_target_21/jpeg/CMakeFiles/CMakeTmp]
  ignore line: []
  ignore line: [Run Build Command(s):/usr/bin/gmake -f Makefile cmTC_32eb2/fast && make -j2  -f CMakeFiles/cmTC_32eb2.dir/build.make CMakeFiles/cmTC_32eb2.dir/build]
  ignore line: [make[1]: Entering directory '/home/magick/Documents/dwyt/.buildozer/android/platform/build-arm64-v8a_armeabi-v7a/build/other_builds/jpeg/armeabi-v7a__ndk_target_21/jpeg/CMakeFiles/CMakeTmp']
  ignore line: [Building C object CMakeFiles/cmTC_32eb2.dir/CMakeCCompilerABI.c.o]
  ignore line: [/home/magick/.buildozer/android/platform/android-ndk-r23b/toolchains/llvm/prebuilt/linux-x86_64/bin/clang --target=armv7-none-linux-androideabi16 --sysroot=/home/magick/.buildozer/android/platform/android-ndk-r23b/toolchains/llvm/prebuilt/linux-x86_64/sysroot   -target armv7a-linux-androideabi21 -fomit-frame-pointer -march=armv7-a -mfloat-abi=softfp -mfpu=vfp -mthumb -fPIC    -DANDROID -fdata-sections -ffunction-sections -funwind-tables -fstack-protector-strong -no-canonical-prefixes -D_FORTIFY_SOURCE=2 -march=armv7-a -mthumb -Wformat -fexceptions  -O2 -g -DNDEBUG -fPIE   -v -MD -MT CMakeFiles/cmTC_32eb2.dir/CMakeCCompilerABI.c.o -MF CMakeFiles/cmTC_32eb2.dir/CMakeCCompilerABI.c.o.d -o CMakeFiles/cmTC_32eb2.dir/CMakeCCompilerABI.c.o -c /usr/share/cmake-3.24/Modules/CMakeCCompilerABI.c]
  ignore line: [Android (7714059  based on r416183c1) clang version 12.0.8 (https://android.googlesource.com/toolchain/llvm-project c935d99d7cf2016289302412d708641d52d2f7ee)]
  ignore line: [Target: armv7a-unknown-linux-android21]
  ignore line: [Thread model: posix]
  ignore line: [InstalledDir: /home/magick/.buildozer/android/platform/android-ndk-r23b/toolchains/llvm/prebuilt/linux-x86_64/bin]
  ignore line: [Found candidate GCC installation: /home/magick/.buildozer/android/platform/android-ndk-r23b/toolchains/llvm/prebuilt/linux-x86_64/bin/../lib/gcc/arm-linux-androideabi/4.9.x]
  ignore line: [Selected GCC installation: /home/magick/.buildozer/android/platform/android-ndk-r23b/toolchains/llvm/prebuilt/linux-x86_64/bin/../lib/gcc/arm-linux-androideabi/4.9.x]
  ignore line: [ (in-process)]
  ignore line: [ "/home/magick/.buildozer/android/platform/android-ndk-r23b/toolchains/llvm/prebuilt/linux-x86_64/bin/clang" -cc1 -triple thumbv7-unknown-linux-android21 -emit-obj --mrelax-relocations -mnoexecstack -disable-free -disable-llvm-verifier -discard-value-names -main-file-name CMakeCCompilerABI.c -mrelocation-model pic -pic-level 2 -pic-is-pie -mframe-pointer=none -fno-rounding-math -mconstructor-aliases -munwind-tables -target-cpu generic -target-feature +soft-float-abi -target-feature +vfp2 -target-feature +vfp2sp -target-feature -vfp3 -target-feature -vfp3d16 -target-feature -vfp3d16sp -target-feature -vfp3sp -target-feature -fp16 -target-feature -vfp4 -target-feature -vfp4d16 -target-feature -vfp4d16sp -target-feature -vfp4sp -target-feature -fp-armv8 -target-feature -fp-armv8d16 -target-feature -fp-armv8d16sp -target-feature -fp-armv8sp -target-feature -fullfp16 -target-feature +fp64 -target-feature -d32 -target-feature -neon -target-feature -crypto -target-feature -fp16fml -target-abi aapcs-linux -mfloat-abi soft -fallow-half-arguments-and-returns -fno-split-dwarf-inlining -debug-info-kind=limited -dwarf-version=4 -debugger-tuning=gdb -v -ffunction-sections -fdata-sections -resource-dir /home/magick/.buildozer/android/platform/android-ndk-r23b/toolchains/llvm/prebuilt/linux-x86_64/lib64/clang/12.0.8 -dependency-file CMakeFiles/cmTC_32eb2.dir/CMakeCCompilerABI.c.o.d -MT CMakeFiles/cmTC_32eb2.dir/CMakeCCompilerABI.c.o -sys-header-deps -D ANDROID -D _FORTIFY_SOURCE=2 -D NDEBUG -isysroot /home/magick/.buildozer/android/platform/android-ndk-r23b/toolchains/llvm/prebuilt/linux-x86_64/sysroot -internal-isystem /home/magick/.buildozer/android/platform/android-ndk-r23b/toolchains/llvm/prebuilt/linux-x86_64/sysroot/usr/local/include -internal-isystem /home/magick/.buildozer/android/platform/android-ndk-r23b/toolchains/llvm/prebuilt/linux-x86_64/lib64/clang/12.0.8/include -internal-externc-isystem /home/magick/.buildozer/android/platform/android-ndk-r23b/toolchains/llvm/prebuilt/linux-x86_64/sysroot/usr/include/arm-linux-androideabi -internal-externc-isystem /home/magick/.buildozer/android/platform/android-ndk-r23b/toolchains/llvm/prebuilt/linux-x86_64/sysroot/include -internal-externc-isystem /home/magick/.buildozer/android/platform/android-ndk-r23b/toolchains/llvm/prebuilt/linux-x86_64/sysroot/usr/include -O2 -Wformat -fdebug-compilation-dir /home/magick/Documents/dwyt/.buildozer/android/platform/build-arm64-v8a_armeabi-v7a/build/other_builds/jpeg/armeabi-v7a__ndk_target_21/jpeg/CMakeFiles/CMakeTmp -ferror-limit 19 -stack-protector 2 -fno-signed-char -fgnuc-version=4.2.1 -fexceptions -vectorize-loops -vectorize-slp -o CMakeFiles/cmTC_32eb2.dir/CMakeCCompilerABI.c.o -x c /usr/share/cmake-3.24/Modules/CMakeCCompilerABI.c]
  ignore line: [clang -cc1 version 12.0.8 based upon LLVM 12.0.8git default target x86_64-unknown-linux-gnu]
  ignore line: [ignoring nonexistent directory "/home/magick/.buildozer/android/platform/android-ndk-r23b/toolchains/llvm/prebuilt/linux-x86_64/sysroot/include"]
  ignore line: [#include "..." search starts here:]
  ignore line: [#include <...> search starts here:]
  ignore line: [ /home/magick/.buildozer/android/platform/android-ndk-r23b/toolchains/llvm/prebuilt/linux-x86_64/sysroot/usr/local/include]
  ignore line: [ /home/magick/.buildozer/android/platform/android-ndk-r23b/toolchains/llvm/prebuilt/linux-x86_64/lib64/clang/12.0.8/include]
  ignore line: [ /home/magick/.buildozer/android/platform/android-ndk-r23b/toolchains/llvm/prebuilt/linux-x86_64/sysroot/usr/include/arm-linux-androideabi]
  ignore line: [ /home/magick/.buildozer/android/platform/android-ndk-r23b/toolchains/llvm/prebuilt/linux-x86_64/sysroot/usr/include]
  ignore line: [End of search list.]
  ignore line: [Linking C executable cmTC_32eb2]
  ignore line: [/usr/bin/cmake -E cmake_link_script CMakeFiles/cmTC_32eb2.dir/link.txt --verbose=1]
  ignore line: [/home/magick/.buildozer/android/platform/android-ndk-r23b/toolchains/llvm/prebuilt/linux-x86_64/bin/clang --target=armv7-none-linux-androideabi16 --sysroot=/home/magick/.buildozer/android/platform/android-ndk-r23b/toolchains/llvm/prebuilt/linux-x86_64/sysroot -target armv7a-linux-androideabi21 -fomit-frame-pointer -march=armv7-a -mfloat-abi=softfp -mfpu=vfp -mthumb -fPIC    -DANDROID -fdata-sections -ffunction-sections -funwind-tables -fstack-protector-strong -no-canonical-prefixes -D_FORTIFY_SOURCE=2 -march=armv7-a -mthumb -Wformat -fexceptions  -O2 -g -DNDEBUG -Wl --build-id=sha1 -Wl --no-rosegment -Wl --fatal-warnings -Qunused-arguments -Wl --no-undefined  -Wl --gc-sections   -L/home/magick/Documents/dwyt/.buildozer/android/platform/build-arm64-v8a_armeabi-v7a/build/libs_collections/dwyt/armeabi-v7a -v CMakeFiles/cmTC_32eb2.dir/CMakeCCompilerABI.c.o -o cmTC_32eb2   -latomic -lm ]
  ignore line: [Android (7714059  based on r416183c1) clang version 12.0.8 (https://android.googlesource.com/toolchain/llvm-project c935d99d7cf2016289302412d708641d52d2f7ee)]
  ignore line: [Target: armv7a-unknown-linux-android21]
  ignore line: [Thread model: posix]
  ignore line: [InstalledDir: /home/magick/.buildozer/android/platform/android-ndk-r23b/toolchains/llvm/prebuilt/linux-x86_64/bin]
  ignore line: [Found candidate GCC installation: /home/magick/.buildozer/android/platform/android-ndk-r23b/toolchains/llvm/prebuilt/linux-x86_64/bin/../lib/gcc/arm-linux-androideabi/4.9.x]
  ignore line: [Selected GCC installation: /home/magick/.buildozer/android/platform/android-ndk-r23b/toolchains/llvm/prebuilt/linux-x86_64/bin/../lib/gcc/arm-linux-androideabi/4.9.x]
  link line: [ "/home/magick/.buildozer/android/platform/android-ndk-r23b/toolchains/llvm/prebuilt/linux-x86_64/bin/ld" --sysroot=/home/magick/.buildozer/android/platform/android-ndk-r23b/toolchains/llvm/prebuilt/linux-x86_64/sysroot -pie -z noexecstack -EL --warn-shared-textrel -z now -z relro -z max-page-size=4096 -X --hash-style=both --enable-new-dtags --eh-frame-hdr -m armelf_linux_eabi -dynamic-linker /system/bin/linker -o cmTC_32eb2 /home/magick/.buildozer/android/platform/android-ndk-r23b/toolchains/llvm/prebuilt/linux-x86_64/sysroot/usr/lib/arm-linux-androideabi/21/crtbegin_dynamic.o -L/home/magick/Documents/dwyt/.buildozer/android/platform/build-arm64-v8a_armeabi-v7a/build/libs_collections/dwyt/armeabi-v7a -L/home/magick/.buildozer/android/platform/android-ndk-r23b/toolchains/llvm/prebuilt/linux-x86_64/lib64/clang/12.0.8/lib/linux/arm -L/home/magick/.buildozer/android/platform/android-ndk-r23b/toolchains/llvm/prebuilt/linux-x86_64/bin/../lib/gcc/arm-linux-androideabi/4.9.x -L/home/magick/.buildozer/android/platform/android-ndk-r23b/toolchains/llvm/prebuilt/linux-x86_64/sysroot/usr/lib/arm-linux-androideabi/21 -L/home/magick/.buildozer/android/platform/android-ndk-r23b/toolchains/llvm/prebuilt/linux-x86_64/sysroot/usr/lib/arm-linux-androideabi -L/home/magick/.buildozer/android/platform/android-ndk-r23b/toolchains/llvm/prebuilt/linux-x86_64/sysroot/usr/lib/../lib -L/home/magick/.buildozer/android/platform/android-ndk-r23b/toolchains/llvm/prebuilt/linux-x86_64/sysroot/usr/lib/arm-linux-androideabi/../../lib -L/home/magick/.buildozer/android/platform/android-ndk-r23b/toolchains/llvm/prebuilt/linux-x86_64/sysroot/usr/lib --build-id=sha1 --no-rosegment --fatal-warnings --no-undefined --gc-sections CMakeFiles/cmTC_32eb2.dir/CMakeCCompilerABI.c.o -latomic -lm /home/magick/.buildozer/android/platform/android-ndk-r23b/toolchains/llvm/prebuilt/linux-x86_64/lib64/clang/12.0.8/lib/linux/libclang_rt.builtins-arm-android.a -l:libunwind.a -ldl -lc /home/magick/.buildozer/android/platform/android-ndk-r23b/toolchains/llvm/prebuilt/linux-x86_64/lib64/clang/12.0.8/lib/linux/libclang_rt.builtins-arm-android.a -l:libunwind.a -ldl /home/magick/.buildozer/android/platform/android-ndk-r23b/toolchains/llvm/prebuilt/linux-x86_64/sysroot/usr/lib/arm-linux-androideabi/21/crtend_android.o]
    arg [/home/magick/.buildozer/android/platform/android-ndk-r23b/toolchains/llvm/prebuilt/linux-x86_64/bin/ld] ==> ignore
    arg [--sysroot=/home/magick/.buildozer/android/platform/android-ndk-r23b/toolchains/llvm/prebuilt/linux-x86_64/sysroot] ==> ignore
    arg [-pie] ==> ignore
    arg [-znoexecstack] ==> ignore
    arg [-EL] ==> ignore
    arg [--warn-shared-textrel] ==> ignore
    arg [-znow] ==> ignore
    arg [-zrelro] ==> ignore
    arg [-zmax-page-size=4096] ==> ignore
    arg [-X] ==> ignore
    arg [--hash-style=both] ==> ignore
    arg [--enable-new-dtags] ==> ignore
    arg [--eh-frame-hdr] ==> ignore
    arg [-m] ==> ignore
    arg [armelf_linux_eabi] ==> ignore
    arg [-dynamic-linker] ==> ignore
    arg [/system/bin/linker] ==> ignore
    arg [-o] ==> ignore
    arg [cmTC_32eb2] ==> ignore
    arg [/home/magick/.buildozer/android/platform/android-ndk-r23b/toolchains/llvm/prebuilt/linux-x86_64/sysroot/usr/lib/arm-linux-androideabi/21/crtbegin_dynamic.o] ==> obj [/home/magick/.buildozer/android/platform/android-ndk-r23b/toolchains/llvm/prebuilt/linux-x86_64/sysroot/usr/lib/arm-linux-androideabi/21/crtbegin_dynamic.o]
    arg [-L/home/magick/Documents/dwyt/.buildozer/android/platform/build-arm64-v8a_armeabi-v7a/build/libs_collections/dwyt/armeabi-v7a] ==> dir [/home/magick/Documents/dwyt/.buildozer/android/platform/build-arm64-v8a_armeabi-v7a/build/libs_collections/dwyt/armeabi-v7a]
    arg [-L/home/magick/.buildozer/android/platform/android-ndk-r23b/toolchains/llvm/prebuilt/linux-x86_64/lib64/clang/12.0.8/lib/linux/arm] ==> dir [/home/magick/.buildozer/android/platform/android-ndk-r23b/toolchains/llvm/prebuilt/linux-x86_64/lib64/clang/12.0.8/lib/linux/arm]
    arg [-L/home/magick/.buildozer/android/platform/android-ndk-r23b/toolchains/llvm/prebuilt/linux-x86_64/bin/../lib/gcc/arm-linux-androideabi/4.9.x] ==> dir [/home/magick/.buildozer/android/platform/android-ndk-r23b/toolchains/llvm/prebuilt/linux-x86_64/bin/../lib/gcc/arm-linux-androideabi/4.9.x]
    arg [-L/home/magick/.buildozer/android/platform/android-ndk-r23b/toolchains/llvm/prebuilt/linux-x86_64/sysroot/usr/lib/arm-linux-androideabi/21] ==> dir [/home/magick/.buildozer/android/platform/android-ndk-r23b/toolchains/llvm/prebuilt/linux-x86_64/sysroot/usr/lib/arm-linux-androideabi/21]
    arg [-L/home/magick/.buildozer/android/platform/android-ndk-r23b/toolchains/llvm/prebuilt/linux-x86_64/sysroot/usr/lib/arm-linux-androideabi] ==> dir [/home/magick/.buildozer/android/platform/android-ndk-r23b/toolchains/llvm/prebuilt/linux-x86_64/sysroot/usr/lib/arm-linux-androideabi]
    arg [-L/home/magick/.buildozer/android/platform/android-ndk-r23b/toolchains/llvm/prebuilt/linux-x86_64/sysroot/usr/lib/../lib] ==> dir [/home/magick/.buildozer/android/platform/android-ndk-r23b/toolchains/llvm/prebuilt/linux-x86_64/sysroot/usr/lib/../lib]
    arg [-L/home/magick/.buildozer/android/platform/android-ndk-r23b/toolchains/llvm/prebuilt/linux-x86_64/sysroot/usr/lib/arm-linux-androideabi/../../lib] ==> dir [/home/magick/.buildozer/android/platform/android-ndk-r23b/toolchains/llvm/prebuilt/linux-x86_64/sysroot/usr/lib/arm-linux-androideabi/../../lib]
    arg [-L/home/magick/.buildozer/android/platform/android-ndk-r23b/toolchains/llvm/prebuilt/linux-x86_64/sysroot/usr/lib] ==> dir [/home/magick/.buildozer/android/platform/android-ndk-r23b/toolchains/llvm/prebuilt/linux-x86_64/sysroot/usr/lib]
    arg [--build-id=sha1] ==> ignore
    arg [--no-rosegment] ==> ignore
    arg [--fatal-warnings] ==> ignore
    arg [--no-undefined] ==> ignore
    arg [--gc-sections] ==> ignore
    arg [CMakeFiles/cmTC_32eb2.dir/CMakeCCompilerABI.c.o] ==> ignore
    arg [-latomic] ==> lib [atomic]
    arg [-lm] ==> lib [m]
    arg [/home/magick/.buildozer/android/platform/android-ndk-r23b/toolchains/llvm/prebuilt/linux-x86_64/lib64/clang/12.0.8/lib/linux/libclang_rt.builtins-arm-android.a] ==> lib [/home/magick/.buildozer/android/platform/android-ndk-r23b/toolchains/llvm/prebuilt/linux-x86_64/lib64/clang/12.0.8/lib/linux/libclang_rt.builtins-arm-android.a]
    arg [-l:libunwind.a] ==> lib [-l:libunwind.a]
    arg [-ldl] ==> lib [dl]
    arg [-lc] ==> lib [c]
    arg [/home/magick/.buildozer/android/platform/android-ndk-r23b/toolchains/llvm/prebuilt/linux-x86_64/lib64/clang/12.0.8/lib/linux/libclang_rt.builtins-arm-android.a] ==> lib [/home/magick/.buildozer/android/platform/android-ndk-r23b/toolchains/llvm/prebuilt/linux-x86_64/lib64/clang/12.0.8/lib/linux/libclang_rt.builtins-arm-android.a]
    arg [-l:libunwind.a] ==> lib [-l:libunwind.a]
    arg [-ldl] ==> lib [dl]
    arg [/home/magick/.buildozer/android/platform/android-ndk-r23b/toolchains/llvm/prebuilt/linux-x86_64/sysroot/usr/lib/arm-linux-androideabi/21/crtend_android.o] ==> obj [/home/magick/.buildozer/android/platform/android-ndk-r23b/toolchains/llvm/prebuilt/linux-x86_64/sysroot/usr/lib/arm-linux-androideabi/21/crtend_android.o]
  remove lib [/home/magick/.buildozer/android/platform/android-ndk-r23b/toolchains/llvm/prebuilt/linux-x86_64/lib64/clang/12.0.8/lib/linux/libclang_rt.builtins-arm-android.a]
  remove lib [/home/magick/.buildozer/android/platform/android-ndk-r23b/toolchains/llvm/prebuilt/linux-x86_64/lib64/clang/12.0.8/lib/linux/libclang_rt.builtins-arm-android.a]
  collapse library dir [/home/magick/Documents/dwyt/.buildozer/android/platform/build-arm64-v8a_armeabi-v7a/build/libs_collections/dwyt/armeabi-v7a] ==> [/home/magick/Documents/dwyt/.buildozer/android/platform/build-arm64-v8a_armeabi-v7a/build/libs_collections/dwyt/armeabi-v7a]
  collapse library dir [/home/magick/.buildozer/android/platform/android-ndk-r23b/toolchains/llvm/prebuilt/linux-x86_64/lib64/clang/12.0.8/lib/linux/arm] ==> [/home/magick/.buildozer/android/platform/android-ndk-r23b/toolchains/llvm/prebuilt/linux-x86_64/lib64/clang/12.0.8/lib/linux/arm]
  collapse library dir [/home/magick/.buildozer/android/platform/android-ndk-r23b/toolchains/llvm/prebuilt/linux-x86_64/bin/../lib/gcc/arm-linux-androideabi/4.9.x] ==> [/home/magick/.buildozer/android/platform/android-ndk-r23b/toolchains/llvm/prebuilt/linux-x86_64/lib/gcc/arm-linux-androideabi/4.9.x]
  collapse library dir [/home/magick/.buildozer/android/platform/android-ndk-r23b/toolchains/llvm/prebuilt/linux-x86_64/sysroot/usr/lib/arm-linux-androideabi/21] ==> [/home/magick/.buildozer/android/platform/android-ndk-r23b/toolchains/llvm/prebuilt/linux-x86_64/sysroot/usr/lib/arm-linux-androideabi/21]
  collapse library dir [/home/magick/.buildozer/android/platform/android-ndk-r23b/toolchains/llvm/prebuilt/linux-x86_64/sysroot/usr/lib/arm-linux-androideabi] ==> [/home/magick/.buildozer/android/platform/android-ndk-r23b/toolchains/llvm/prebuilt/linux-x86_64/sysroot/usr/lib/arm-linux-androideabi]
  collapse library dir [/home/magick/.buildozer/android/platform/android-ndk-r23b/toolchains/llvm/prebuilt/linux-x86_64/sysroot/usr/lib/../lib] ==> [/home/magick/.buildozer/android/platform/android-ndk-r23b/toolchains/llvm/prebuilt/linux-x86_64/sysroot/usr/lib]
  collapse library dir [/home/magick/.buildozer/android/platform/android-ndk-r23b/toolchains/llvm/prebuilt/linux-x86_64/sysroot/usr/lib/arm-linux-androideabi/../../lib] ==> [/home/magick/.buildozer/android/platform/android-ndk-r23b/toolchains/llvm/prebuilt/linux-x86_64/sysroot/usr/lib]
  collapse library dir [/home/magick/.buildozer/android/platform/android-ndk-r23b/toolchains/llvm/prebuilt/linux-x86_64/sysroot/usr/lib] ==> [/home/magick/.buildozer/android/platform/android-ndk-r23b/toolchains/llvm/prebuilt/linux-x86_64/sysroot/usr/lib]
  implicit libs: [atomic;m;-l:libunwind.a;dl;c;-l:libunwind.a;dl]
  implicit objs: [/home/magick/.buildozer/android/platform/android-ndk-r23b/toolchains/llvm/prebuilt/linux-x86_64/sysroot/usr/lib/arm-linux-androideabi/21/crtbegin_dynamic.o;/home/magick/.buildozer/android/platform/android-ndk-r23b/toolchains/llvm/prebuilt/linux-x86_64/sysroot/usr/lib/arm-linux-androideabi/21/crtend_android.o]
  implicit dirs: [/home/magick/Documents/dwyt/.buildozer/android/platform/build-arm64-v8a_armeabi-v7a/build/libs_collections/dwyt/armeabi-v7a;/home/magick/.buildozer/android/platform/android-ndk-r23b/toolchains/llvm/prebuilt/linux-x86_64/lib64/clang/12.0.8/lib/linux/arm;/home/magick/.buildozer/android/platform/android-ndk-r23b/toolchains/llvm/prebuilt/linux-x86_64/lib/gcc/arm-linux-androideabi/4.9.x;/home/magick/.buildozer/android/platform/android-ndk-r23b/toolchains/llvm/prebuilt/linux-x86_64/sysroot/usr/lib/arm-linux-androideabi/21;/home/magick/.buildozer/android/platform/android-ndk-r23b/toolchains/llvm/prebuilt/linux-x86_64/sysroot/usr/lib/arm-linux-androideabi;/home/magick/.buildozer/android/platform/android-ndk-r23b/toolchains/llvm/prebuilt/linux-x86_64/sysroot/usr/lib]
  implicit fwks: []


Determining if the include file sys/types.h exists passed with the following output:
Change Dir: /home/magick/Documents/dwyt/.buildozer/android/platform/build-arm64-v8a_armeabi-v7a/build/other_builds/jpeg/armeabi-v7a__ndk_target_21/jpeg/CMakeFiles/CMakeTmp

Run Build Command(s):/usr/bin/gmake -f Makefile cmTC_6b4f9/fast && make -j2  -f CMakeFiles/cmTC_6b4f9.dir/build.make CMakeFiles/cmTC_6b4f9.dir/build
make[1]: Entering directory '/home/magick/Documents/dwyt/.buildozer/android/platform/build-arm64-v8a_armeabi-v7a/build/other_builds/jpeg/armeabi-v7a__ndk_target_21/jpeg/CMakeFiles/CMakeTmp'
Building C object CMakeFiles/cmTC_6b4f9.dir/CheckIncludeFile.c.o
/home/magick/.buildozer/android/platform/android-ndk-r23b/toolchains/llvm/prebuilt/linux-x86_64/bin/clang --target=armv7-none-linux-androideabi16 --sysroot=/home/magick/.buildozer/android/platform/android-ndk-r23b/toolchains/llvm/prebuilt/linux-x86_64/sysroot   -target armv7a-linux-androideabi21 -fomit-frame-pointer -march=armv7-a -mfloat-abi=softfp -mfpu=vfp -mthumb -fPIC    -DANDROID -fdata-sections -ffunction-sections -funwind-tables -fstack-protector-strong -no-canonical-prefixes -D_FORTIFY_SOURCE=2 -march=armv7-a -mthumb -Wformat -Werror=format-security -fexceptions  -O2 -g -DNDEBUG -fPIE -MD -MT CMakeFiles/cmTC_6b4f9.dir/CheckIncludeFile.c.o -MF CMakeFiles/cmTC_6b4f9.dir/CheckIncludeFile.c.o.d -o CMakeFiles/cmTC_6b4f9.dir/CheckIncludeFile.c.o -c /home/magick/Documents/dwyt/.buildozer/android/platform/build-arm64-v8a_armeabi-v7a/build/other_builds/jpeg/armeabi-v7a__ndk_target_21/jpeg/CMakeFiles/CMakeTmp/CheckIncludeFile.c
Linking C executable cmTC_6b4f9
/usr/bin/cmake -E cmake_link_script CMakeFiles/cmTC_6b4f9.dir/link.txt --verbose=1
/home/magick/.buildozer/android/platform/android-ndk-r23b/toolchains/llvm/prebuilt/linux-x86_64/bin/clang --target=armv7-none-linux-androideabi16 --sysroot=/home/magick/.buildozer/android/platform/android-ndk-r23b/toolchains/llvm/prebuilt/linux-x86_64/sysroot -target armv7a-linux-androideabi21 -fomit-frame-pointer -march=armv7-a -mfloat-abi=softfp -mfpu=vfp -mthumb -fPIC    -DANDROID -fdata-sections -ffunction-sections -funwind-tables -fstack-protector-strong -no-canonical-prefixes -D_FORTIFY_SOURCE=2 -march=armv7-a -mthumb -Wformat -Werror=format-security -fexceptions  -O2 -g -DNDEBUG -Wl,--build-id=sha1 -Wl,--no-rosegment -Wl,--fatal-warnings -Qunused-arguments -Wl,--no-undefined  -Wl,--gc-sections   -L/home/magick/Documents/dwyt/.buildozer/android/platform/build-arm64-v8a_armeabi-v7a/build/libs_collections/dwyt/armeabi-v7a  CMakeFiles/cmTC_6b4f9.dir/CheckIncludeFile.c.o -o cmTC_6b4f9   -latomic -lm 
make[1]: Leaving directory '/home/magick/Documents/dwyt/.buildozer/android/platform/build-arm64-v8a_armeabi-v7a/build/other_builds/jpeg/armeabi-v7a__ndk_target_21/jpeg/CMakeFiles/CMakeTmp'



Determining if the include file stdint.h exists passed with the following output:
Change Dir: /home/magick/Documents/dwyt/.buildozer/android/platform/build-arm64-v8a_armeabi-v7a/build/other_builds/jpeg/armeabi-v7a__ndk_target_21/jpeg/CMakeFiles/CMakeTmp

Run Build Command(s):/usr/bin/gmake -f Makefile cmTC_c168d/fast && make -j2  -f CMakeFiles/cmTC_c168d.dir/build.make CMakeFiles/cmTC_c168d.dir/build
make[1]: Entering directory '/home/magick/Documents/dwyt/.buildozer/android/platform/build-arm64-v8a_armeabi-v7a/build/other_builds/jpeg/armeabi-v7a__ndk_target_21/jpeg/CMakeFiles/CMakeTmp'
Building C object CMakeFiles/cmTC_c168d.dir/CheckIncludeFile.c.o
/home/magick/.buildozer/android/platform/android-ndk-r23b/toolchains/llvm/prebuilt/linux-x86_64/bin/clang --target=armv7-none-linux-androideabi16 --sysroot=/home/magick/.buildozer/android/platform/android-ndk-r23b/toolchains/llvm/prebuilt/linux-x86_64/sysroot   -target armv7a-linux-androideabi21 -fomit-frame-pointer -march=armv7-a -mfloat-abi=softfp -mfpu=vfp -mthumb -fPIC    -DANDROID -fdata-sections -ffunction-sections -funwind-tables -fstack-protector-strong -no-canonical-prefixes -D_FORTIFY_SOURCE=2 -march=armv7-a -mthumb -Wformat -Werror=format-security -fexceptions  -O2 -g -DNDEBUG -fPIE -MD -MT CMakeFiles/cmTC_c168d.dir/CheckIncludeFile.c.o -MF CMakeFiles/cmTC_c168d.dir/CheckIncludeFile.c.o.d -o CMakeFiles/cmTC_c168d.dir/CheckIncludeFile.c.o -c /home/magick/Documents/dwyt/.buildozer/android/platform/build-arm64-v8a_armeabi-v7a/build/other_builds/jpeg/armeabi-v7a__ndk_target_21/jpeg/CMakeFiles/CMakeTmp/CheckIncludeFile.c
Linking C executable cmTC_c168d
/usr/bin/cmake -E cmake_link_script CMakeFiles/cmTC_c168d.dir/link.txt --verbose=1
/home/magick/.buildozer/android/platform/android-ndk-r23b/toolchains/llvm/prebuilt/linux-x86_64/bin/clang --target=armv7-none-linux-androideabi16 --sysroot=/home/magick/.buildozer/android/platform/android-ndk-r23b/toolchains/llvm/prebuilt/linux-x86_64/sysroot -target armv7a-linux-androideabi21 -fomit-frame-pointer -march=armv7-a -mfloat-abi=softfp -mfpu=vfp -mthumb -fPIC    -DANDROID -fdata-sections -ffunction-sections -funwind-tables -fstack-protector-strong -no-canonical-prefixes -D_FORTIFY_SOURCE=2 -march=armv7-a -mthumb -Wformat -Werror=format-security -fexceptions  -O2 -g -DNDEBUG -Wl,--build-id=sha1 -Wl,--no-rosegment -Wl,--fatal-warnings -Qunused-arguments -Wl,--no-undefined  -Wl,--gc-sections   -L/home/magick/Documents/dwyt/.buildozer/android/platform/build-arm64-v8a_armeabi-v7a/build/libs_collections/dwyt/armeabi-v7a  CMakeFiles/cmTC_c168d.dir/CheckIncludeFile.c.o -o cmTC_c168d   -latomic -lm 
make[1]: Leaving directory '/home/magick/Documents/dwyt/.buildozer/android/platform/build-arm64-v8a_armeabi-v7a/build/other_builds/jpeg/armeabi-v7a__ndk_target_21/jpeg/CMakeFiles/CMakeTmp'



Determining if the include file stddef.h exists passed with the following output:
Change Dir: /home/magick/Documents/dwyt/.buildozer/android/platform/build-arm64-v8a_armeabi-v7a/build/other_builds/jpeg/armeabi-v7a__ndk_target_21/jpeg/CMakeFiles/CMakeTmp

Run Build Command(s):/usr/bin/gmake -f Makefile cmTC_bbc43/fast && make -j2  -f CMakeFiles/cmTC_bbc43.dir/build.make CMakeFiles/cmTC_bbc43.dir/build
make[1]: Entering directory '/home/magick/Documents/dwyt/.buildozer/android/platform/build-arm64-v8a_armeabi-v7a/build/other_builds/jpeg/armeabi-v7a__ndk_target_21/jpeg/CMakeFiles/CMakeTmp'
Building C object CMakeFiles/cmTC_bbc43.dir/CheckIncludeFile.c.o
/home/magick/.buildozer/android/platform/android-ndk-r23b/toolchains/llvm/prebuilt/linux-x86_64/bin/clang --target=armv7-none-linux-androideabi16 --sysroot=/home/magick/.buildozer/android/platform/android-ndk-r23b/toolchains/llvm/prebuilt/linux-x86_64/sysroot   -target armv7a-linux-androideabi21 -fomit-frame-pointer -march=armv7-a -mfloat-abi=softfp -mfpu=vfp -mthumb -fPIC    -DANDROID -fdata-sections -ffunction-sections -funwind-tables -fstack-protector-strong -no-canonical-prefixes -D_FORTIFY_SOURCE=2 -march=armv7-a -mthumb -Wformat -Werror=format-security -fexceptions  -O2 -g -DNDEBUG -fPIE -MD -MT CMakeFiles/cmTC_bbc43.dir/CheckIncludeFile.c.o -MF CMakeFiles/cmTC_bbc43.dir/CheckIncludeFile.c.o.d -o CMakeFiles/cmTC_bbc43.dir/CheckIncludeFile.c.o -c /home/magick/Documents/dwyt/.buildozer/android/platform/build-arm64-v8a_armeabi-v7a/build/other_builds/jpeg/armeabi-v7a__ndk_target_21/jpeg/CMakeFiles/CMakeTmp/CheckIncludeFile.c
Linking C executable cmTC_bbc43
/usr/bin/cmake -E cmake_link_script CMakeFiles/cmTC_bbc43.dir/link.txt --verbose=1
/home/magick/.buildozer/android/platform/android-ndk-r23b/toolchains/llvm/prebuilt/linux-x86_64/bin/clang --target=armv7-none-linux-androideabi16 --sysroot=/home/magick/.buildozer/android/platform/android-ndk-r23b/toolchains/llvm/prebuilt/linux-x86_64/sysroot -target armv7a-linux-androideabi21 -fomit-frame-pointer -march=armv7-a -mfloat-abi=softfp -mfpu=vfp -mthumb -fPIC    -DANDROID -fdata-sections -ffunction-sections -funwind-tables -fstack-protector-strong -no-canonical-prefixes -D_FORTIFY_SOURCE=2 -march=armv7-a -mthumb -Wformat -Werror=format-security -fexceptions  -O2 -g -DNDEBUG -Wl,--build-id=sha1 -Wl,--no-rosegment -Wl,--fatal-warnings -Qunused-arguments -Wl,--no-undefined  -Wl,--gc-sections   -L/home/magick/Documents/dwyt/.buildozer/android/platform/build-arm64-v8a_armeabi-v7a/build/libs_collections/dwyt/armeabi-v7a  CMakeFiles/cmTC_bbc43.dir/CheckIncludeFile.c.o -o cmTC_bbc43   -latomic -lm 
make[1]: Leaving directory '/home/magick/Documents/dwyt/.buildozer/android/platform/build-arm64-v8a_armeabi-v7a/build/other_builds/jpeg/armeabi-v7a__ndk_target_21/jpeg/CMakeFiles/CMakeTmp'



Determining size of size_t passed with the following output:
Change Dir: /home/magick/Documents/dwyt/.buildozer/android/platform/build-arm64-v8a_armeabi-v7a/build/other_builds/jpeg/armeabi-v7a__ndk_target_21/jpeg/CMakeFiles/CMakeTmp

Run Build Command(s):/usr/bin/gmake -f Makefile cmTC_28fa0/fast && make -j2  -f CMakeFiles/cmTC_28fa0.dir/build.make CMakeFiles/cmTC_28fa0.dir/build
make[1]: Entering directory '/home/magick/Documents/dwyt/.buildozer/android/platform/build-arm64-v8a_armeabi-v7a/build/other_builds/jpeg/armeabi-v7a__ndk_target_21/jpeg/CMakeFiles/CMakeTmp'
Building C object CMakeFiles/cmTC_28fa0.dir/SIZE_T.c.o
/home/magick/.buildozer/android/platform/android-ndk-r23b/toolchains/llvm/prebuilt/linux-x86_64/bin/clang --target=armv7-none-linux-androideabi16 --sysroot=/home/magick/.buildozer/android/platform/android-ndk-r23b/toolchains/llvm/prebuilt/linux-x86_64/sysroot   -target armv7a-linux-androideabi21 -fomit-frame-pointer -march=armv7-a -mfloat-abi=softfp -mfpu=vfp -mthumb -fPIC    -DANDROID -fdata-sections -ffunction-sections -funwind-tables -fstack-protector-strong -no-canonical-prefixes -D_FORTIFY_SOURCE=2 -march=armv7-a -mthumb -Wformat -Werror=format-security -fexceptions  -O2 -g -DNDEBUG -fPIE -MD -MT CMakeFiles/cmTC_28fa0.dir/SIZE_T.c.o -MF CMakeFiles/cmTC_28fa0.dir/SIZE_T.c.o.d -o CMakeFiles/cmTC_28fa0.dir/SIZE_T.c.o -c /home/magick/Documents/dwyt/.buildozer/android/platform/build-arm64-v8a_armeabi-v7a/build/other_builds/jpeg/armeabi-v7a__ndk_target_21/jpeg/CMakeFiles/CheckTypeSize/SIZE_T.c
Linking C executable cmTC_28fa0
/usr/bin/cmake -E cmake_link_script CMakeFiles/cmTC_28fa0.dir/link.txt --verbose=1
/home/magick/.buildozer/android/platform/android-ndk-r23b/toolchains/llvm/prebuilt/linux-x86_64/bin/clang --target=armv7-none-linux-androideabi16 --sysroot=/home/magick/.buildozer/android/platform/android-ndk-r23b/toolchains/llvm/prebuilt/linux-x86_64/sysroot -target armv7a-linux-androideabi21 -fomit-frame-pointer -march=armv7-a -mfloat-abi=softfp -mfpu=vfp -mthumb -fPIC    -DANDROID -fdata-sections -ffunction-sections -funwind-tables -fstack-protector-strong -no-canonical-prefixes -D_FORTIFY_SOURCE=2 -march=armv7-a -mthumb -Wformat -Werror=format-security -fexceptions  -O2 -g -DNDEBUG -Wl,--build-id=sha1 -Wl,--no-rosegment -Wl,--fatal-warnings -Qunused-arguments -Wl,--no-undefined  -Wl,--gc-sections   -L/home/magick/Documents/dwyt/.buildozer/android/platform/build-arm64-v8a_armeabi-v7a/build/libs_collections/dwyt/armeabi-v7a  CMakeFiles/cmTC_28fa0.dir/SIZE_T.c.o -o cmTC_28fa0   -latomic -lm 
make[1]: Leaving directory '/home/magick/Documents/dwyt/.buildozer/android/platform/build-arm64-v8a_armeabi-v7a/build/other_builds/jpeg/armeabi-v7a__ndk_target_21/jpeg/CMakeFiles/CMakeTmp'



Determining size of unsigned long passed with the following output:
Change Dir: /home/magick/Documents/dwyt/.buildozer/android/platform/build-arm64-v8a_armeabi-v7a/build/other_builds/jpeg/armeabi-v7a__ndk_target_21/jpeg/CMakeFiles/CMakeTmp

Run Build Command(s):/usr/bin/gmake -f Makefile cmTC_43a69/fast && make -j2  -f CMakeFiles/cmTC_43a69.dir/build.make CMakeFiles/cmTC_43a69.dir/build
make[1]: Entering directory '/home/magick/Documents/dwyt/.buildozer/android/platform/build-arm64-v8a_armeabi-v7a/build/other_builds/jpeg/armeabi-v7a__ndk_target_21/jpeg/CMakeFiles/CMakeTmp'
Building C object CMakeFiles/cmTC_43a69.dir/UNSIGNED_LONG.c.o
/home/magick/.buildozer/android/platform/android-ndk-r23b/toolchains/llvm/prebuilt/linux-x86_64/bin/clang --target=armv7-none-linux-androideabi16 --sysroot=/home/magick/.buildozer/android/platform/android-ndk-r23b/toolchains/llvm/prebuilt/linux-x86_64/sysroot   -target armv7a-linux-androideabi21 -fomit-frame-pointer -march=armv7-a -mfloat-abi=softfp -mfpu=vfp -mthumb -fPIC    -DANDROID -fdata-sections -ffunction-sections -funwind-tables -fstack-protector-strong -no-canonical-prefixes -D_FORTIFY_SOURCE=2 -march=armv7-a -mthumb -Wformat -Werror=format-security -fexceptions  -O2 -g -DNDEBUG -fPIE -MD -MT CMakeFiles/cmTC_43a69.dir/UNSIGNED_LONG.c.o -MF CMakeFiles/cmTC_43a69.dir/UNSIGNED_LONG.c.o.d -o CMakeFiles/cmTC_43a69.dir/UNSIGNED_LONG.c.o -c /home/magick/Documents/dwyt/.buildozer/android/platform/build-arm64-v8a_armeabi-v7a/build/other_builds/jpeg/armeabi-v7a__ndk_target_21/jpeg/CMakeFiles/CheckTypeSize/UNSIGNED_LONG.c
Linking C executable cmTC_43a69
/usr/bin/cmake -E cmake_link_script CMakeFiles/cmTC_43a69.dir/link.txt --verbose=1
/home/magick/.buildozer/android/platform/android-ndk-r23b/toolchains/llvm/prebuilt/linux-x86_64/bin/clang --target=armv7-none-linux-androideabi16 --sysroot=/home/magick/.buildozer/android/platform/android-ndk-r23b/toolchains/llvm/prebuilt/linux-x86_64/sysroot -target armv7a-linux-androideabi21 -fomit-frame-pointer -march=armv7-a -mfloat-abi=softfp -mfpu=vfp -mthumb -fPIC    -DANDROID -fdata-sections -ffunction-sections -funwind-tables -fstack-protector-strong -no-canonical-prefixes -D_FORTIFY_SOURCE=2 -march=armv7-a -mthumb -Wformat -Werror=format-security -fexceptions  -O2 -g -DNDEBUG -Wl,--build-id=sha1 -Wl,--no-rosegment -Wl,--fatal-warnings -Qunused-arguments -Wl,--no-undefined  -Wl,--gc-sections   -L/home/magick/Documents/dwyt/.buildozer/android/platform/build-arm64-v8a_armeabi-v7a/build/libs_collections/dwyt/armeabi-v7a  CMakeFiles/cmTC_43a69.dir/UNSIGNED_LONG.c.o -o cmTC_43a69   -latomic -lm 
make[1]: Leaving directory '/home/magick/Documents/dwyt/.buildozer/android/platform/build-arm64-v8a_armeabi-v7a/build/other_builds/jpeg/armeabi-v7a__ndk_target_21/jpeg/CMakeFiles/CMakeTmp'



Performing C SOURCE FILE Test HAVE_BUILTIN_CTZL succeeded with the following output:
Change Dir: /home/magick/Documents/dwyt/.buildozer/android/platform/build-arm64-v8a_armeabi-v7a/build/other_builds/jpeg/armeabi-v7a__ndk_target_21/jpeg/CMakeFiles/CMakeTmp

Run Build Command(s):/usr/bin/gmake -f Makefile cmTC_672e9/fast && make -j2  -f CMakeFiles/cmTC_672e9.dir/build.make CMakeFiles/cmTC_672e9.dir/build
make[1]: Entering directory '/home/magick/Documents/dwyt/.buildozer/android/platform/build-arm64-v8a_armeabi-v7a/build/other_builds/jpeg/armeabi-v7a__ndk_target_21/jpeg/CMakeFiles/CMakeTmp'
Building C object CMakeFiles/cmTC_672e9.dir/src.c.o
/home/magick/.buildozer/android/platform/android-ndk-r23b/toolchains/llvm/prebuilt/linux-x86_64/bin/clang --target=armv7-none-linux-androideabi16 --sysroot=/home/magick/.buildozer/android/platform/android-ndk-r23b/toolchains/llvm/prebuilt/linux-x86_64/sysroot -DHAVE_BUILTIN_CTZL  -target armv7a-linux-androideabi21 -fomit-frame-pointer -march=armv7-a -mfloat-abi=softfp -mfpu=vfp -mthumb -fPIC    -DANDROID -fdata-sections -ffunction-sections -funwind-tables -fstack-protector-strong -no-canonical-prefixes -D_FORTIFY_SOURCE=2 -march=armv7-a -mthumb -Wformat -Werror=format-security -fexceptions  -O2 -g -DNDEBUG -fPIE -MD -MT CMakeFiles/cmTC_672e9.dir/src.c.o -MF CMakeFiles/cmTC_672e9.dir/src.c.o.d -o CMakeFiles/cmTC_672e9.dir/src.c.o -c /home/magick/Documents/dwyt/.buildozer/android/platform/build-arm64-v8a_armeabi-v7a/build/other_builds/jpeg/armeabi-v7a__ndk_target_21/jpeg/CMakeFiles/CMakeTmp/src.c
Linking C executable cmTC_672e9
/usr/bin/cmake -E cmake_link_script CMakeFiles/cmTC_672e9.dir/link.txt --verbose=1
/home/magick/.buildozer/android/platform/android-ndk-r23b/toolchains/llvm/prebuilt/linux-x86_64/bin/clang --target=armv7-none-linux-androideabi16 --sysroot=/home/magick/.buildozer/android/platform/android-ndk-r23b/toolchains/llvm/prebuilt/linux-x86_64/sysroot -target armv7a-linux-androideabi21 -fomit-frame-pointer -march=armv7-a -mfloat-abi=softfp -mfpu=vfp -mthumb -fPIC    -DANDROID -fdata-sections -ffunction-sections -funwind-tables -fstack-protector-strong -no-canonical-prefixes -D_FORTIFY_SOURCE=2 -march=armv7-a -mthumb -Wformat -Werror=format-security -fexceptions  -O2 -g -DNDEBUG -Wl,--build-id=sha1 -Wl,--no-rosegment -Wl,--fatal-warnings -Qunused-arguments -Wl,--no-undefined  -Wl,--gc-sections   -L/home/magick/Documents/dwyt/.buildozer/android/platform/build-arm64-v8a_armeabi-v7a/build/libs_collections/dwyt/armeabi-v7a  CMakeFiles/cmTC_672e9.dir/src.c.o -o cmTC_672e9   -latomic -lm 
make[1]: Leaving directory '/home/magick/Documents/dwyt/.buildozer/android/platform/build-arm64-v8a_armeabi-v7a/build/other_builds/jpeg/armeabi-v7a__ndk_target_21/jpeg/CMakeFiles/CMakeTmp'


Source file was:
int main(int argc, char **argv) { unsigned long a = argc;  return __builtin_ctzl(a); }
Determining if files locale.h exist passed with the following output:
Change Dir: /home/magick/Documents/dwyt/.buildozer/android/platform/build-arm64-v8a_armeabi-v7a/build/other_builds/jpeg/armeabi-v7a__ndk_target_21/jpeg/CMakeFiles/CMakeTmp

Run Build Command(s):/usr/bin/gmake -f Makefile cmTC_b660f/fast && make -j2  -f CMakeFiles/cmTC_b660f.dir/build.make CMakeFiles/cmTC_b660f.dir/build
make[1]: Entering directory '/home/magick/Documents/dwyt/.buildozer/android/platform/build-arm64-v8a_armeabi-v7a/build/other_builds/jpeg/armeabi-v7a__ndk_target_21/jpeg/CMakeFiles/CMakeTmp'
Building C object CMakeFiles/cmTC_b660f.dir/HAVE_LOCALE_H.c.o
/home/magick/.buildozer/android/platform/android-ndk-r23b/toolchains/llvm/prebuilt/linux-x86_64/bin/clang --target=armv7-none-linux-androideabi16 --sysroot=/home/magick/.buildozer/android/platform/android-ndk-r23b/toolchains/llvm/prebuilt/linux-x86_64/sysroot   -target armv7a-linux-androideabi21 -fomit-frame-pointer -march=armv7-a -mfloat-abi=softfp -mfpu=vfp -mthumb -fPIC    -DANDROID -fdata-sections -ffunction-sections -funwind-tables -fstack-protector-strong -no-canonical-prefixes -D_FORTIFY_SOURCE=2 -march=armv7-a -mthumb -Wformat -Werror=format-security -fexceptions  -O2 -g -DNDEBUG -fPIE -MD -MT CMakeFiles/cmTC_b660f.dir/HAVE_LOCALE_H.c.o -MF CMakeFiles/cmTC_b660f.dir/HAVE_LOCALE_H.c.o.d -o CMakeFiles/cmTC_b660f.dir/HAVE_LOCALE_H.c.o -c /home/magick/Documents/dwyt/.buildozer/android/platform/build-arm64-v8a_armeabi-v7a/build/other_builds/jpeg/armeabi-v7a__ndk_target_21/jpeg/CMakeFiles/CheckIncludeFiles/HAVE_LOCALE_H.c
Linking C executable cmTC_b660f
/usr/bin/cmake -E cmake_link_script CMakeFiles/cmTC_b660f.dir/link.txt --verbose=1
/home/magick/.buildozer/android/platform/android-ndk-r23b/toolchains/llvm/prebuilt/linux-x86_64/bin/clang --target=armv7-none-linux-androideabi16 --sysroot=/home/magick/.buildozer/android/platform/android-ndk-r23b/toolchains/llvm/prebuilt/linux-x86_64/sysroot -target armv7a-linux-androideabi21 -fomit-frame-pointer -march=armv7-a -mfloat-abi=softfp -mfpu=vfp -mthumb -fPIC    -DANDROID -fdata-sections -ffunction-sections -funwind-tables -fstack-protector-strong -no-canonical-prefixes -D_FORTIFY_SOURCE=2 -march=armv7-a -mthumb -Wformat -Werror=format-security -fexceptions  -O2 -g -DNDEBUG -Wl,--build-id=sha1 -Wl,--no-rosegment -Wl,--fatal-warnings -Qunused-arguments -Wl,--no-undefined  -Wl,--gc-sections   -L/home/magick/Documents/dwyt/.buildozer/android/platform/build-arm64-v8a_armeabi-v7a/build/libs_collections/dwyt/armeabi-v7a  CMakeFiles/cmTC_b660f.dir/HAVE_LOCALE_H.c.o -o cmTC_b660f   -latomic -lm 
make[1]: Leaving directory '/home/magick/Documents/dwyt/.buildozer/android/platform/build-arm64-v8a_armeabi-v7a/build/other_builds/jpeg/armeabi-v7a__ndk_target_21/jpeg/CMakeFiles/CMakeTmp'



Determining if files stdlib.h exist passed with the following output:
Change Dir: /home/magick/Documents/dwyt/.buildozer/android/platform/build-arm64-v8a_armeabi-v7a/build/other_builds/jpeg/armeabi-v7a__ndk_target_21/jpeg/CMakeFiles/CMakeTmp

Run Build Command(s):/usr/bin/gmake -f Makefile cmTC_dde42/fast && make -j2  -f CMakeFiles/cmTC_dde42.dir/build.make CMakeFiles/cmTC_dde42.dir/build
make[1]: Entering directory '/home/magick/Documents/dwyt/.buildozer/android/platform/build-arm64-v8a_armeabi-v7a/build/other_builds/jpeg/armeabi-v7a__ndk_target_21/jpeg/CMakeFiles/CMakeTmp'
Building C object CMakeFiles/cmTC_dde42.dir/HAVE_STDLIB_H.c.o
/home/magick/.buildozer/android/platform/android-ndk-r23b/toolchains/llvm/prebuilt/linux-x86_64/bin/clang --target=armv7-none-linux-androideabi16 --sysroot=/home/magick/.buildozer/android/platform/android-ndk-r23b/toolchains/llvm/prebuilt/linux-x86_64/sysroot   -target armv7a-linux-androideabi21 -fomit-frame-pointer -march=armv7-a -mfloat-abi=softfp -mfpu=vfp -mthumb -fPIC    -DANDROID -fdata-sections -ffunction-sections -funwind-tables -fstack-protector-strong -no-canonical-prefixes -D_FORTIFY_SOURCE=2 -march=armv7-a -mthumb -Wformat -Werror=format-security -fexceptions  -O2 -g -DNDEBUG -fPIE -MD -MT CMakeFiles/cmTC_dde42.dir/HAVE_STDLIB_H.c.o -MF CMakeFiles/cmTC_dde42.dir/HAVE_STDLIB_H.c.o.d -o CMakeFiles/cmTC_dde42.dir/HAVE_STDLIB_H.c.o -c /home/magick/Documents/dwyt/.buildozer/android/platform/build-arm64-v8a_armeabi-v7a/build/other_builds/jpeg/armeabi-v7a__ndk_target_21/jpeg/CMakeFiles/CheckIncludeFiles/HAVE_STDLIB_H.c
Linking C executable cmTC_dde42
/usr/bin/cmake -E cmake_link_script CMakeFiles/cmTC_dde42.dir/link.txt --verbose=1
/home/magick/.buildozer/android/platform/android-ndk-r23b/toolchains/llvm/prebuilt/linux-x86_64/bin/clang --target=armv7-none-linux-androideabi16 --sysroot=/home/magick/.buildozer/android/platform/android-ndk-r23b/toolchains/llvm/prebuilt/linux-x86_64/sysroot -target armv7a-linux-androideabi21 -fomit-frame-pointer -march=armv7-a -mfloat-abi=softfp -mfpu=vfp -mthumb -fPIC    -DANDROID -fdata-sections -ffunction-sections -funwind-tables -fstack-protector-strong -no-canonical-prefixes -D_FORTIFY_SOURCE=2 -march=armv7-a -mthumb -Wformat -Werror=format-security -fexceptions  -O2 -g -DNDEBUG -Wl,--build-id=sha1 -Wl,--no-rosegment -Wl,--fatal-warnings -Qunused-arguments -Wl,--no-undefined  -Wl,--gc-sections   -L/home/magick/Documents/dwyt/.buildozer/android/platform/build-arm64-v8a_armeabi-v7a/build/libs_collections/dwyt/armeabi-v7a  CMakeFiles/cmTC_dde42.dir/HAVE_STDLIB_H.c.o -o cmTC_dde42   -latomic -lm 
make[1]: Leaving directory '/home/magick/Documents/dwyt/.buildozer/android/platform/build-arm64-v8a_armeabi-v7a/build/other_builds/jpeg/armeabi-v7a__ndk_target_21/jpeg/CMakeFiles/CMakeTmp'



Determining if files sys/types.h exist passed with the following output:
Change Dir: /home/magick/Documents/dwyt/.buildozer/android/platform/build-arm64-v8a_armeabi-v7a/build/other_builds/jpeg/armeabi-v7a__ndk_target_21/jpeg/CMakeFiles/CMakeTmp

Run Build Command(s):/usr/bin/gmake -f Makefile cmTC_fbb95/fast && make -j2  -f CMakeFiles/cmTC_fbb95.dir/build.make CMakeFiles/cmTC_fbb95.dir/build
make[1]: Entering directory '/home/magick/Documents/dwyt/.buildozer/android/platform/build-arm64-v8a_armeabi-v7a/build/other_builds/jpeg/armeabi-v7a__ndk_target_21/jpeg/CMakeFiles/CMakeTmp'
Building C object CMakeFiles/cmTC_fbb95.dir/NEED_SYS_TYPES_H.c.o
/home/magick/.buildozer/android/platform/android-ndk-r23b/toolchains/llvm/prebuilt/linux-x86_64/bin/clang --target=armv7-none-linux-androideabi16 --sysroot=/home/magick/.buildozer/android/platform/android-ndk-r23b/toolchains/llvm/prebuilt/linux-x86_64/sysroot   -target armv7a-linux-androideabi21 -fomit-frame-pointer -march=armv7-a -mfloat-abi=softfp -mfpu=vfp -mthumb -fPIC    -DANDROID -fdata-sections -ffunction-sections -funwind-tables -fstack-protector-strong -no-canonical-prefixes -D_FORTIFY_SOURCE=2 -march=armv7-a -mthumb -Wformat -Werror=format-security -fexceptions  -O2 -g -DNDEBUG -fPIE -MD -MT CMakeFiles/cmTC_fbb95.dir/NEED_SYS_TYPES_H.c.o -MF CMakeFiles/cmTC_fbb95.dir/NEED_SYS_TYPES_H.c.o.d -o CMakeFiles/cmTC_fbb95.dir/NEED_SYS_TYPES_H.c.o -c /home/magick/Documents/dwyt/.buildozer/android/platform/build-arm64-v8a_armeabi-v7a/build/other_builds/jpeg/armeabi-v7a__ndk_target_21/jpeg/CMakeFiles/CheckIncludeFiles/NEED_SYS_TYPES_H.c
Linking C executable cmTC_fbb95
/usr/bin/cmake -E cmake_link_script CMakeFiles/cmTC_fbb95.dir/link.txt --verbose=1
/home/magick/.buildozer/android/platform/android-ndk-r23b/toolchains/llvm/prebuilt/linux-x86_64/bin/clang --target=armv7-none-linux-androideabi16 --sysroot=/home/magick/.buildozer/android/platform/android-ndk-r23b/toolchains/llvm/prebuilt/linux-x86_64/sysroot -target armv7a-linux-androideabi21 -fomit-frame-pointer -march=armv7-a -mfloat-abi=softfp -mfpu=vfp -mthumb -fPIC    -DANDROID -fdata-sections -ffunction-sections -funwind-tables -fstack-protector-strong -no-canonical-prefixes -D_FORTIFY_SOURCE=2 -march=armv7-a -mthumb -Wformat -Werror=format-security -fexceptions  -O2 -g -DNDEBUG -Wl,--build-id=sha1 -Wl,--no-rosegment -Wl,--fatal-warnings -Qunused-arguments -Wl,--no-undefined  -Wl,--gc-sections   -L/home/magick/Documents/dwyt/.buildozer/android/platform/build-arm64-v8a_armeabi-v7a/build/libs_collections/dwyt/armeabi-v7a  CMakeFiles/cmTC_fbb95.dir/NEED_SYS_TYPES_H.c.o -o cmTC_fbb95   -latomic -lm 
make[1]: Leaving directory '/home/magick/Documents/dwyt/.buildozer/android/platform/build-arm64-v8a_armeabi-v7a/build/other_builds/jpeg/armeabi-v7a__ndk_target_21/jpeg/CMakeFiles/CMakeTmp'



Determining if the memset exist passed with the following output:
Change Dir: /home/magick/Documents/dwyt/.buildozer/android/platform/build-arm64-v8a_armeabi-v7a/build/other_builds/jpeg/armeabi-v7a__ndk_target_21/jpeg/CMakeFiles/CMakeTmp

Run Build Command(s):/usr/bin/gmake -f Makefile cmTC_550e5/fast && make -j2  -f CMakeFiles/cmTC_550e5.dir/build.make CMakeFiles/cmTC_550e5.dir/build
make[1]: Entering directory '/home/magick/Documents/dwyt/.buildozer/android/platform/build-arm64-v8a_armeabi-v7a/build/other_builds/jpeg/armeabi-v7a__ndk_target_21/jpeg/CMakeFiles/CMakeTmp'
Building C object CMakeFiles/cmTC_550e5.dir/CheckSymbolExists.c.o
/home/magick/.buildozer/android/platform/android-ndk-r23b/toolchains/llvm/prebuilt/linux-x86_64/bin/clang --target=armv7-none-linux-androideabi16 --sysroot=/home/magick/.buildozer/android/platform/android-ndk-r23b/toolchains/llvm/prebuilt/linux-x86_64/sysroot   -target armv7a-linux-androideabi21 -fomit-frame-pointer -march=armv7-a -mfloat-abi=softfp -mfpu=vfp -mthumb -fPIC    -DANDROID -fdata-sections -ffunction-sections -funwind-tables -fstack-protector-strong -no-canonical-prefixes -D_FORTIFY_SOURCE=2 -march=armv7-a -mthumb -Wformat -fexceptions  -O2 -g -DNDEBUG -fPIE -MD -MT CMakeFiles/cmTC_550e5.dir/CheckSymbolExists.c.o -MF CMakeFiles/cmTC_550e5.dir/CheckSymbolExists.c.o.d -o CMakeFiles/cmTC_550e5.dir/CheckSymbolExists.c.o -c /home/magick/Documents/dwyt/.buildozer/android/platform/build-arm64-v8a_armeabi-v7a/build/other_builds/jpeg/armeabi-v7a__ndk_target_21/jpeg/CMakeFiles/CMakeTmp/CheckSymbolExists.c
Linking C executable cmTC_550e5
/usr/bin/cmake -E cmake_link_script CMakeFiles/cmTC_550e5.dir/link.txt --verbose=1
/home/magick/.buildozer/android/platform/android-ndk-r23b/toolchains/llvm/prebuilt/linux-x86_64/bin/clang --target=armv7-none-linux-androideabi16 --sysroot=/home/magick/.buildozer/android/platform/android-ndk-r23b/toolchains/llvm/prebuilt/linux-x86_64/sysroot -target armv7a-linux-androideabi21 -fomit-frame-pointer -march=armv7-a -mfloat-abi=softfp -mfpu=vfp -mthumb -fPIC    -DANDROID -fdata-sections -ffunction-sections -funwind-tables -fstack-protector-strong -no-canonical-prefixes -D_FORTIFY_SOURCE=2 -march=armv7-a -mthumb -Wformat -fexceptions  -O2 -g -DNDEBUG -Wl,--build-id=sha1 -Wl,--no-rosegment -Wl,--fatal-warnings -Qunused-arguments -Wl,--no-undefined  -Wl,--gc-sections   -L/home/magick/Documents/dwyt/.buildozer/android/platform/build-arm64-v8a_armeabi-v7a/build/libs_collections/dwyt/armeabi-v7a  CMakeFiles/cmTC_550e5.dir/CheckSymbolExists.c.o -o cmTC_550e5   -latomic -lm 
make[1]: Leaving directory '/home/magick/Documents/dwyt/.buildozer/android/platform/build-arm64-v8a_armeabi-v7a/build/other_builds/jpeg/armeabi-v7a__ndk_target_21/jpeg/CMakeFiles/CMakeTmp'


File /home/magick/Documents/dwyt/.buildozer/android/platform/build-arm64-v8a_armeabi-v7a/build/other_builds/jpeg/armeabi-v7a__ndk_target_21/jpeg/CMakeFiles/CMakeTmp/CheckSymbolExists.c:
/* */
#include <string.h>

int main(int argc, char** argv)
{
  (void)argv;
#ifndef memset
  return ((int*)(&memset))[argc];
#else
  (void)argc;
  return 0;
#endif
}
Determining if the memcpy exist passed with the following output:
Change Dir: /home/magick/Documents/dwyt/.buildozer/android/platform/build-arm64-v8a_armeabi-v7a/build/other_builds/jpeg/armeabi-v7a__ndk_target_21/jpeg/CMakeFiles/CMakeTmp

Run Build Command(s):/usr/bin/gmake -f Makefile cmTC_80cd7/fast && make -j2  -f CMakeFiles/cmTC_80cd7.dir/build.make CMakeFiles/cmTC_80cd7.dir/build
make[1]: Entering directory '/home/magick/Documents/dwyt/.buildozer/android/platform/build-arm64-v8a_armeabi-v7a/build/other_builds/jpeg/armeabi-v7a__ndk_target_21/jpeg/CMakeFiles/CMakeTmp'
Building C object CMakeFiles/cmTC_80cd7.dir/CheckSymbolExists.c.o
/home/magick/.buildozer/android/platform/android-ndk-r23b/toolchains/llvm/prebuilt/linux-x86_64/bin/clang --target=armv7-none-linux-androideabi16 --sysroot=/home/magick/.buildozer/android/platform/android-ndk-r23b/toolchains/llvm/prebuilt/linux-x86_64/sysroot   -target armv7a-linux-androideabi21 -fomit-frame-pointer -march=armv7-a -mfloat-abi=softfp -mfpu=vfp -mthumb -fPIC    -DANDROID -fdata-sections -ffunction-sections -funwind-tables -fstack-protector-strong -no-canonical-prefixes -D_FORTIFY_SOURCE=2 -march=armv7-a -mthumb -Wformat -fexceptions  -O2 -g -DNDEBUG -fPIE -MD -MT CMakeFiles/cmTC_80cd7.dir/CheckSymbolExists.c.o -MF CMakeFiles/cmTC_80cd7.dir/CheckSymbolExists.c.o.d -o CMakeFiles/cmTC_80cd7.dir/CheckSymbolExists.c.o -c /home/magick/Documents/dwyt/.buildozer/android/platform/build-arm64-v8a_armeabi-v7a/build/other_builds/jpeg/armeabi-v7a__ndk_target_21/jpeg/CMakeFiles/CMakeTmp/CheckSymbolExists.c
Linking C executable cmTC_80cd7
/usr/bin/cmake -E cmake_link_script CMakeFiles/cmTC_80cd7.dir/link.txt --verbose=1
/home/magick/.buildozer/android/platform/android-ndk-r23b/toolchains/llvm/prebuilt/linux-x86_64/bin/clang --target=armv7-none-linux-androideabi16 --sysroot=/home/magick/.buildozer/android/platform/android-ndk-r23b/toolchains/llvm/prebuilt/linux-x86_64/sysroot -target armv7a-linux-androideabi21 -fomit-frame-pointer -march=armv7-a -mfloat-abi=softfp -mfpu=vfp -mthumb -fPIC    -DANDROID -fdata-sections -ffunction-sections -funwind-tables -fstack-protector-strong -no-canonical-prefixes -D_FORTIFY_SOURCE=2 -march=armv7-a -mthumb -Wformat -fexceptions  -O2 -g -DNDEBUG -Wl,--build-id=sha1 -Wl,--no-rosegment -Wl,--fatal-warnings -Qunused-arguments -Wl,--no-undefined  -Wl,--gc-sections   -L/home/magick/Documents/dwyt/.buildozer/android/platform/build-arm64-v8a_armeabi-v7a/build/libs_collections/dwyt/armeabi-v7a  CMakeFiles/cmTC_80cd7.dir/CheckSymbolExists.c.o -o cmTC_80cd7   -latomic -lm 
make[1]: Leaving directory '/home/magick/Documents/dwyt/.buildozer/android/platform/build-arm64-v8a_armeabi-v7a/build/other_builds/jpeg/armeabi-v7a__ndk_target_21/jpeg/CMakeFiles/CMakeTmp'


File /home/magick/Documents/dwyt/.buildozer/android/platform/build-arm64-v8a_armeabi-v7a/build/other_builds/jpeg/armeabi-v7a__ndk_target_21/jpeg/CMakeFiles/CMakeTmp/CheckSymbolExists.c:
/* */
#include <string.h>

int main(int argc, char** argv)
{
  (void)argv;
#ifndef memcpy
  return ((int*)(&memcpy))[argc];
#else
  (void)argc;
  return 0;
#endif
}
Determining size of unsigned char passed with the following output:
Change Dir: /home/magick/Documents/dwyt/.buildozer/android/platform/build-arm64-v8a_armeabi-v7a/build/other_builds/jpeg/armeabi-v7a__ndk_target_21/jpeg/CMakeFiles/CMakeTmp

Run Build Command(s):/usr/bin/gmake -f Makefile cmTC_75bcf/fast && make -j2  -f CMakeFiles/cmTC_75bcf.dir/build.make CMakeFiles/cmTC_75bcf.dir/build
make[1]: Entering directory '/home/magick/Documents/dwyt/.buildozer/android/platform/build-arm64-v8a_armeabi-v7a/build/other_builds/jpeg/armeabi-v7a__ndk_target_21/jpeg/CMakeFiles/CMakeTmp'
Building C object CMakeFiles/cmTC_75bcf.dir/UNSIGNED_CHAR.c.o
/home/magick/.buildozer/android/platform/android-ndk-r23b/toolchains/llvm/prebuilt/linux-x86_64/bin/clang --target=armv7-none-linux-androideabi16 --sysroot=/home/magick/.buildozer/android/platform/android-ndk-r23b/toolchains/llvm/prebuilt/linux-x86_64/sysroot   -target armv7a-linux-androideabi21 -fomit-frame-pointer -march=armv7-a -mfloat-abi=softfp -mfpu=vfp -mthumb -fPIC    -DANDROID -fdata-sections -ffunction-sections -funwind-tables -fstack-protector-strong -no-canonical-prefixes -D_FORTIFY_SOURCE=2 -march=armv7-a -mthumb -Wformat -Werror=format-security -fexceptions  -O2 -g -DNDEBUG -fPIE -MD -MT CMakeFiles/cmTC_75bcf.dir/UNSIGNED_CHAR.c.o -MF CMakeFiles/cmTC_75bcf.dir/UNSIGNED_CHAR.c.o.d -o CMakeFiles/cmTC_75bcf.dir/UNSIGNED_CHAR.c.o -c /home/magick/Documents/dwyt/.buildozer/android/platform/build-arm64-v8a_armeabi-v7a/build/other_builds/jpeg/armeabi-v7a__ndk_target_21/jpeg/CMakeFiles/CheckTypeSize/UNSIGNED_CHAR.c
Linking C executable cmTC_75bcf
/usr/bin/cmake -E cmake_link_script CMakeFiles/cmTC_75bcf.dir/link.txt --verbose=1
/home/magick/.buildozer/android/platform/android-ndk-r23b/toolchains/llvm/prebuilt/linux-x86_64/bin/clang --target=armv7-none-linux-androideabi16 --sysroot=/home/magick/.buildozer/android/platform/android-ndk-r23b/toolchains/llvm/prebuilt/linux-x86_64/sysroot -target armv7a-linux-androideabi21 -fomit-frame-pointer -march=armv7-a -mfloat-abi=softfp -mfpu=vfp -mthumb -fPIC    -DANDROID -fdata-sections -ffunction-sections -funwind-tables -fstack-protector-strong -no-canonical-prefixes -D_FORTIFY_SOURCE=2 -march=armv7-a -mthumb -Wformat -Werror=format-security -fexceptions  -O2 -g -DNDEBUG -Wl,--build-id=sha1 -Wl,--no-rosegment -Wl,--fatal-warnings -Qunused-arguments -Wl,--no-undefined  -Wl,--gc-sections   -L/home/magick/Documents/dwyt/.buildozer/android/platform/build-arm64-v8a_armeabi-v7a/build/libs_collections/dwyt/armeabi-v7a  CMakeFiles/cmTC_75bcf.dir/UNSIGNED_CHAR.c.o -o cmTC_75bcf   -latomic -lm 
make[1]: Leaving directory '/home/magick/Documents/dwyt/.buildozer/android/platform/build-arm64-v8a_armeabi-v7a/build/other_builds/jpeg/armeabi-v7a__ndk_target_21/jpeg/CMakeFiles/CMakeTmp'



Determining size of unsigned short passed with the following output:
Change Dir: /home/magick/Documents/dwyt/.buildozer/android/platform/build-arm64-v8a_armeabi-v7a/build/other_builds/jpeg/armeabi-v7a__ndk_target_21/jpeg/CMakeFiles/CMakeTmp

Run Build Command(s):/usr/bin/gmake -f Makefile cmTC_26ac8/fast && make -j2  -f CMakeFiles/cmTC_26ac8.dir/build.make CMakeFiles/cmTC_26ac8.dir/build
make[1]: Entering directory '/home/magick/Documents/dwyt/.buildozer/android/platform/build-arm64-v8a_armeabi-v7a/build/other_builds/jpeg/armeabi-v7a__ndk_target_21/jpeg/CMakeFiles/CMakeTmp'
Building C object CMakeFiles/cmTC_26ac8.dir/UNSIGNED_SHORT.c.o
/home/magick/.buildozer/android/platform/android-ndk-r23b/toolchains/llvm/prebuilt/linux-x86_64/bin/clang --target=armv7-none-linux-androideabi16 --sysroot=/home/magick/.buildozer/android/platform/android-ndk-r23b/toolchains/llvm/prebuilt/linux-x86_64/sysroot   -target armv7a-linux-androideabi21 -fomit-frame-pointer -march=armv7-a -mfloat-abi=softfp -mfpu=vfp -mthumb -fPIC    -DANDROID -fdata-sections -ffunction-sections -funwind-tables -fstack-protector-strong -no-canonical-prefixes -D_FORTIFY_SOURCE=2 -march=armv7-a -mthumb -Wformat -Werror=format-security -fexceptions  -O2 -g -DNDEBUG -fPIE -MD -MT CMakeFiles/cmTC_26ac8.dir/UNSIGNED_SHORT.c.o -MF CMakeFiles/cmTC_26ac8.dir/UNSIGNED_SHORT.c.o.d -o CMakeFiles/cmTC_26ac8.dir/UNSIGNED_SHORT.c.o -c /home/magick/Documents/dwyt/.buildozer/android/platform/build-arm64-v8a_armeabi-v7a/build/other_builds/jpeg/armeabi-v7a__ndk_target_21/jpeg/CMakeFiles/CheckTypeSize/UNSIGNED_SHORT.c
Linking C executable cmTC_26ac8
/usr/bin/cmake -E cmake_link_script CMakeFiles/cmTC_26ac8.dir/link.txt --verbose=1
/home/magick/.buildozer/android/platform/android-ndk-r23b/toolchains/llvm/prebuilt/linux-x86_64/bin/clang --target=armv7-none-linux-androideabi16 --sysroot=/home/magick/.buildozer/android/platform/android-ndk-r23b/toolchains/llvm/prebuilt/linux-x86_64/sysroot -target armv7a-linux-androideabi21 -fomit-frame-pointer -march=armv7-a -mfloat-abi=softfp -mfpu=vfp -mthumb -fPIC    -DANDROID -fdata-sections -ffunction-sections -funwind-tables -fstack-protector-strong -no-canonical-prefixes -D_FORTIFY_SOURCE=2 -march=armv7-a -mthumb -Wformat -Werror=format-security -fexceptions  -O2 -g -DNDEBUG -Wl,--build-id=sha1 -Wl,--no-rosegment -Wl,--fatal-warnings -Qunused-arguments -Wl,--no-undefined  -Wl,--gc-sections   -L/home/magick/Documents/dwyt/.buildozer/android/platform/build-arm64-v8a_armeabi-v7a/build/libs_collections/dwyt/armeabi-v7a  CMakeFiles/cmTC_26ac8.dir/UNSIGNED_SHORT.c.o -o cmTC_26ac8   -latomic -lm 
make[1]: Leaving directory '/home/magick/Documents/dwyt/.buildozer/android/platform/build-arm64-v8a_armeabi-v7a/build/other_builds/jpeg/armeabi-v7a__ndk_target_21/jpeg/CMakeFiles/CMakeTmp'



Performing C SOURCE FILE Test INCOMPLETE_TYPES succeeded with the following output:
Change Dir: /home/magick/Documents/dwyt/.buildozer/android/platform/build-arm64-v8a_armeabi-v7a/build/other_builds/jpeg/armeabi-v7a__ndk_target_21/jpeg/CMakeFiles/CMakeTmp

Run Build Command(s):/usr/bin/gmake -f Makefile cmTC_c2dc0/fast && make -j2  -f CMakeFiles/cmTC_c2dc0.dir/build.make CMakeFiles/cmTC_c2dc0.dir/build
make[1]: Entering directory '/home/magick/Documents/dwyt/.buildozer/android/platform/build-arm64-v8a_armeabi-v7a/build/other_builds/jpeg/armeabi-v7a__ndk_target_21/jpeg/CMakeFiles/CMakeTmp'
Building C object CMakeFiles/cmTC_c2dc0.dir/src.c.o
/home/magick/.buildozer/android/platform/android-ndk-r23b/toolchains/llvm/prebuilt/linux-x86_64/bin/clang --target=armv7-none-linux-androideabi16 --sysroot=/home/magick/.buildozer/android/platform/android-ndk-r23b/toolchains/llvm/prebuilt/linux-x86_64/sysroot -DINCOMPLETE_TYPES  -target armv7a-linux-androideabi21 -fomit-frame-pointer -march=armv7-a -mfloat-abi=softfp -mfpu=vfp -mthumb -fPIC    -DANDROID -fdata-sections -ffunction-sections -funwind-tables -fstack-protector-strong -no-canonical-prefixes -D_FORTIFY_SOURCE=2 -march=armv7-a -mthumb -Wformat -Werror=format-security -fexceptions  -O2 -g -DNDEBUG -fPIE -MD -MT CMakeFiles/cmTC_c2dc0.dir/src.c.o -MF CMakeFiles/cmTC_c2dc0.dir/src.c.o.d -o CMakeFiles/cmTC_c2dc0.dir/src.c.o -c /home/magick/Documents/dwyt/.buildozer/android/platform/build-arm64-v8a_armeabi-v7a/build/other_builds/jpeg/armeabi-v7a__ndk_target_21/jpeg/CMakeFiles/CMakeTmp/src.c
Linking C executable cmTC_c2dc0
/usr/bin/cmake -E cmake_link_script CMakeFiles/cmTC_c2dc0.dir/link.txt --verbose=1
/home/magick/.buildozer/android/platform/android-ndk-r23b/toolchains/llvm/prebuilt/linux-x86_64/bin/clang --target=armv7-none-linux-androideabi16 --sysroot=/home/magick/.buildozer/android/platform/android-ndk-r23b/toolchains/llvm/prebuilt/linux-x86_64/sysroot -target armv7a-linux-androideabi21 -fomit-frame-pointer -march=armv7-a -mfloat-abi=softfp -mfpu=vfp -mthumb -fPIC    -DANDROID -fdata-sections -ffunction-sections -funwind-tables -fstack-protector-strong -no-canonical-prefixes -D_FORTIFY_SOURCE=2 -march=armv7-a -mthumb -Wformat -Werror=format-security -fexceptions  -O2 -g -DNDEBUG -Wl,--build-id=sha1 -Wl,--no-rosegment -Wl,--fatal-warnings -Qunused-arguments -Wl,--no-undefined  -Wl,--gc-sections   -L/home/magick/Documents/dwyt/.buildozer/android/platform/build-arm64-v8a_armeabi-v7a/build/libs_collections/dwyt/armeabi-v7a  CMakeFiles/cmTC_c2dc0.dir/src.c.o -o cmTC_c2dc0   -latomic -lm 
make[1]: Leaving directory '/home/magick/Documents/dwyt/.buildozer/android/platform/build-arm64-v8a_armeabi-v7a/build/other_builds/jpeg/armeabi-v7a__ndk_target_21/jpeg/CMakeFiles/CMakeTmp'


Source file was:
int main(void) { typedef struct undefined_structure *undef_struct_ptr;  undef_struct_ptr ptr = 0;  return ptr != 0; }
Performing C SOURCE FILE Test INLINE_WORKS succeeded with the following output:
Change Dir: /home/magick/Documents/dwyt/.buildozer/android/platform/build-arm64-v8a_armeabi-v7a/build/other_builds/jpeg/armeabi-v7a__ndk_target_21/jpeg/CMakeFiles/CMakeTmp

Run Build Command(s):/usr/bin/gmake -f Makefile cmTC_b6976/fast && make -j2  -f CMakeFiles/cmTC_b6976.dir/build.make CMakeFiles/cmTC_b6976.dir/build
make[1]: Entering directory '/home/magick/Documents/dwyt/.buildozer/android/platform/build-arm64-v8a_armeabi-v7a/build/other_builds/jpeg/armeabi-v7a__ndk_target_21/jpeg/CMakeFiles/CMakeTmp'
Building C object CMakeFiles/cmTC_b6976.dir/src.c.o
/home/magick/.buildozer/android/platform/android-ndk-r23b/toolchains/llvm/prebuilt/linux-x86_64/bin/clang --target=armv7-none-linux-androideabi16 --sysroot=/home/magick/.buildozer/android/platform/android-ndk-r23b/toolchains/llvm/prebuilt/linux-x86_64/sysroot -DINLINE_WORKS  -target armv7a-linux-androideabi21 -fomit-frame-pointer -march=armv7-a -mfloat-abi=softfp -mfpu=vfp -mthumb -fPIC    -DANDROID -fdata-sections -ffunction-sections -funwind-tables -fstack-protector-strong -no-canonical-prefixes -D_FORTIFY_SOURCE=2 -march=armv7-a -mthumb -Wformat -Werror=format-security -fexceptions  -O2 -g -DNDEBUG -fPIE -MD -MT CMakeFiles/cmTC_b6976.dir/src.c.o -MF CMakeFiles/cmTC_b6976.dir/src.c.o.d -o CMakeFiles/cmTC_b6976.dir/src.c.o -c /home/magick/Documents/dwyt/.buildozer/android/platform/build-arm64-v8a_armeabi-v7a/build/other_builds/jpeg/armeabi-v7a__ndk_target_21/jpeg/CMakeFiles/CMakeTmp/src.c
Linking C executable cmTC_b6976
/usr/bin/cmake -E cmake_link_script CMakeFiles/cmTC_b6976.dir/link.txt --verbose=1
/home/magick/.buildozer/android/platform/android-ndk-r23b/toolchains/llvm/prebuilt/linux-x86_64/bin/clang --target=armv7-none-linux-androideabi16 --sysroot=/home/magick/.buildozer/android/platform/android-ndk-r23b/toolchains/llvm/prebuilt/linux-x86_64/sysroot -target armv7a-linux-androideabi21 -fomit-frame-pointer -march=armv7-a -mfloat-abi=softfp -mfpu=vfp -mthumb -fPIC    -DANDROID -fdata-sections -ffunction-sections -funwind-tables -fstack-protector-strong -no-canonical-prefixes -D_FORTIFY_SOURCE=2 -march=armv7-a -mthumb -Wformat -Werror=format-security -fexceptions  -O2 -g -DNDEBUG -Wl,--build-id=sha1 -Wl,--no-rosegment -Wl,--fatal-warnings -Qunused-arguments -Wl,--no-undefined  -Wl,--gc-sections   -L/home/magick/Documents/dwyt/.buildozer/android/platform/build-arm64-v8a_armeabi-v7a/build/libs_collections/dwyt/armeabi-v7a  CMakeFiles/cmTC_b6976.dir/src.c.o -o cmTC_b6976   -latomic -lm 
make[1]: Leaving directory '/home/magick/Documents/dwyt/.buildozer/android/platform/build-arm64-v8a_armeabi-v7a/build/other_builds/jpeg/armeabi-v7a__ndk_target_21/jpeg/CMakeFiles/CMakeTmp'


Source file was:
__inline__ __attribute__((always_inline)) static int foo(void) { return 0; } int main(void) { return foo(); }
Performing C SOURCE FILE Test HAVE_VERSION_SCRIPT succeeded with the following output:
Change Dir: /home/magick/Documents/dwyt/.buildozer/android/platform/build-arm64-v8a_armeabi-v7a/build/other_builds/jpeg/armeabi-v7a__ndk_target_21/jpeg/CMakeFiles/CMakeTmp

Run Build Command(s):/usr/bin/gmake -f Makefile cmTC_993d8/fast && make -j2  -f CMakeFiles/cmTC_993d8.dir/build.make CMakeFiles/cmTC_993d8.dir/build
make[1]: Entering directory '/home/magick/Documents/dwyt/.buildozer/android/platform/build-arm64-v8a_armeabi-v7a/build/other_builds/jpeg/armeabi-v7a__ndk_target_21/jpeg/CMakeFiles/CMakeTmp'
Building C object CMakeFiles/cmTC_993d8.dir/src.c.o
/home/magick/.buildozer/android/platform/android-ndk-r23b/toolchains/llvm/prebuilt/linux-x86_64/bin/clang --target=armv7-none-linux-androideabi16 --sysroot=/home/magick/.buildozer/android/platform/android-ndk-r23b/toolchains/llvm/prebuilt/linux-x86_64/sysroot -DHAVE_VERSION_SCRIPT  -target armv7a-linux-androideabi21 -fomit-frame-pointer -march=armv7-a -mfloat-abi=softfp -mfpu=vfp -mthumb -fPIC    -DANDROID -fdata-sections -ffunction-sections -funwind-tables -fstack-protector-strong -no-canonical-prefixes -D_FORTIFY_SOURCE=2 -march=armv7-a -mthumb -Wformat -Werror=format-security -fexceptions -Wl,--version-script,/home/magick/Documents/dwyt/.buildozer/android/platform/build-arm64-v8a_armeabi-v7a/build/other_builds/jpeg/armeabi-v7a__ndk_target_21/jpeg/conftest.map -O2 -g -DNDEBUG -fPIE -MD -MT CMakeFiles/cmTC_993d8.dir/src.c.o -MF CMakeFiles/cmTC_993d8.dir/src.c.o.d -o CMakeFiles/cmTC_993d8.dir/src.c.o -c /home/magick/Documents/dwyt/.buildozer/android/platform/build-arm64-v8a_armeabi-v7a/build/other_builds/jpeg/armeabi-v7a__ndk_target_21/jpeg/CMakeFiles/CMakeTmp/src.c
clang: warning: -Wl,--version-script,/home/magick/Documents/dwyt/.buildozer/android/platform/build-arm64-v8a_armeabi-v7a/build/other_builds/jpeg/armeabi-v7a__ndk_target_21/jpeg/conftest.map: 'linker' input unused [-Wunused-command-line-argument]
Linking C executable cmTC_993d8
/usr/bin/cmake -E cmake_link_script CMakeFiles/cmTC_993d8.dir/link.txt --verbose=1
/home/magick/.buildozer/android/platform/android-ndk-r23b/toolchains/llvm/prebuilt/linux-x86_64/bin/clang --target=armv7-none-linux-androideabi16 --sysroot=/home/magick/.buildozer/android/platform/android-ndk-r23b/toolchains/llvm/prebuilt/linux-x86_64/sysroot -target armv7a-linux-androideabi21 -fomit-frame-pointer -march=armv7-a -mfloat-abi=softfp -mfpu=vfp -mthumb -fPIC    -DANDROID -fdata-sections -ffunction-sections -funwind-tables -fstack-protector-strong -no-canonical-prefixes -D_FORTIFY_SOURCE=2 -march=armv7-a -mthumb -Wformat -Werror=format-security -fexceptions -Wl,--version-script,/home/magick/Documents/dwyt/.buildozer/android/platform/build-arm64-v8a_armeabi-v7a/build/other_builds/jpeg/armeabi-v7a__ndk_target_21/jpeg/conftest.map -O2 -g -DNDEBUG -Wl,--build-id=sha1 -Wl,--no-rosegment -Wl,--fatal-warnings -Qunused-arguments -Wl,--no-undefined  -Wl,--gc-sections   -L/home/magick/Documents/dwyt/.buildozer/android/platform/build-arm64-v8a_armeabi-v7a/build/libs_collections/dwyt/armeabi-v7a  CMakeFiles/cmTC_993d8.dir/src.c.o -o cmTC_993d8   -latomic -lm 
make[1]: Leaving directory '/home/magick/Documents/dwyt/.buildozer/android/platform/build-arm64-v8a_armeabi-v7a/build/other_builds/jpeg/armeabi-v7a__ndk_target_21/jpeg/CMakeFiles/CMakeTmp'


Source file was:
int main(void) { return 0; }
Checking whether the ASM compiler is Clang using "--version" matched "(clang version)":
Android (7714059, based on r416183c1) clang version 12.0.8 (https://android.googlesource.com/toolchain/llvm-project c935d99d7cf2016289302412d708641d52d2f7ee)
Target: x86_64-unknown-linux-gnu
Thread model: posix
InstalledDir: /home/magick/.buildozer/android/platform/android-ndk-r23b/toolchains/llvm/prebuilt/linux-x86_64/bin
