The target system is: Android - 21 - aarch64
The host system is: Linux - 5.19.0-kali2-amd64 - x86_64
Compiling the C compiler identification source file "CMakeCCompilerId.c" succeeded.
Compiler: /home/magick/.buildozer/android/platform/android-ndk-r23b/toolchains/llvm/prebuilt/linux-x86_64/bin/clang 
Build flags: -target;aarch64-linux-android21;-fomit-frame-pointer;-march=armv8-a;-fPIC
Id flags: -c;--target=aarch64-none-linux-android21 

The output was:
0


Compilation of the C compiler identification source "CMakeCCompilerId.c" produced "CMakeCCompilerId.o"

The C compiler identification is Clang, found in "/home/magick/Documents/dwyt/.buildozer/android/platform/build-arm64-v8a_armeabi-v7a/build/other_builds/jpeg/arm64-v8a__ndk_target_21/jpeg/CMakeFiles/3.24.2/CompilerIdC/CMakeCCompilerId.o"

Detecting C compiler ABI info compiled with the following output:
Change Dir: /home/magick/Documents/dwyt/.buildozer/android/platform/build-arm64-v8a_armeabi-v7a/build/other_builds/jpeg/arm64-v8a__ndk_target_21/jpeg/CMakeFiles/CMakeTmp

Run Build Command(s):/usr/bin/gmake -f Makefile cmTC_fcc67/fast && make -j2  -f CMakeFiles/cmTC_fcc67.dir/build.make CMakeFiles/cmTC_fcc67.dir/build
make[1]: Entering directory '/home/magick/Documents/dwyt/.buildozer/android/platform/build-arm64-v8a_armeabi-v7a/build/other_builds/jpeg/arm64-v8a__ndk_target_21/jpeg/CMakeFiles/CMakeTmp'
Building C object CMakeFiles/cmTC_fcc67.dir/CMakeCCompilerABI.c.o
/home/magick/.buildozer/android/platform/android-ndk-r23b/toolchains/llvm/prebuilt/linux-x86_64/bin/clang --target=aarch64-none-linux-android21 --sysroot=/home/magick/.buildozer/android/platform/android-ndk-r23b/toolchains/llvm/prebuilt/linux-x86_64/sysroot   -target aarch64-linux-android21 -fomit-frame-pointer -march=armv8-a -fPIC    -DANDROID -fdata-sections -ffunction-sections -funwind-tables -fstack-protector-strong -no-canonical-prefixes -D_FORTIFY_SOURCE=2 -Wformat -fexceptions  -O2 -g -DNDEBUG -fPIE   -v -MD -MT CMakeFiles/cmTC_fcc67.dir/CMakeCCompilerABI.c.o -MF CMakeFiles/cmTC_fcc67.dir/CMakeCCompilerABI.c.o.d -o CMakeFiles/cmTC_fcc67.dir/CMakeCCompilerABI.c.o -c /usr/share/cmake-3.24/Modules/CMakeCCompilerABI.c
Android (7714059, based on r416183c1) clang version 12.0.8 (https://android.googlesource.com/toolchain/llvm-project c935d99d7cf2016289302412d708641d52d2f7ee)
Target: aarch64-unknown-linux-android21
Thread model: posix
InstalledDir: /home/magick/.buildozer/android/platform/android-ndk-r23b/toolchains/llvm/prebuilt/linux-x86_64/bin
Found candidate GCC installation: /home/magick/.buildozer/android/platform/android-ndk-r23b/toolchains/llvm/prebuilt/linux-x86_64/bin/../lib/gcc/aarch64-linux-android/4.9.x
Selected GCC installation: /home/magick/.buildozer/android/platform/android-ndk-r23b/toolchains/llvm/prebuilt/linux-x86_64/bin/../lib/gcc/aarch64-linux-android/4.9.x
Candidate multilib: .;@m64
Selected multilib: .;@m64
 (in-process)
 "/home/magick/.buildozer/android/platform/android-ndk-r23b/toolchains/llvm/prebuilt/linux-x86_64/bin/clang" -cc1 -triple aarch64-unknown-linux-android21 -emit-obj --mrelax-relocations -mnoexecstack -disable-free -disable-llvm-verifier -discard-value-names -main-file-name CMakeCCompilerABI.c -mrelocation-model pic -pic-level 2 -pic-is-pie -mframe-pointer=none -fno-rounding-math -mconstructor-aliases -munwind-tables -target-cpu generic -target-feature +neon -target-abi aapcs -mllvm -aarch64-fix-cortex-a53-835769=1 -fallow-half-arguments-and-returns -fno-split-dwarf-inlining -debug-info-kind=limited -dwarf-version=4 -debugger-tuning=gdb -v -ffunction-sections -fdata-sections -resource-dir /home/magick/.buildozer/android/platform/android-ndk-r23b/toolchains/llvm/prebuilt/linux-x86_64/lib64/clang/12.0.8 -dependency-file CMakeFiles/cmTC_fcc67.dir/CMakeCCompilerABI.c.o.d -MT CMakeFiles/cmTC_fcc67.dir/CMakeCCompilerABI.c.o -sys-header-deps -D ANDROID -D _FORTIFY_SOURCE=2 -D NDEBUG -isysroot /home/magick/.buildozer/android/platform/android-ndk-r23b/toolchains/llvm/prebuilt/linux-x86_64/sysroot -internal-isystem /home/magick/.buildozer/android/platform/android-ndk-r23b/toolchains/llvm/prebuilt/linux-x86_64/sysroot/usr/local/include -internal-isystem /home/magick/.buildozer/android/platform/android-ndk-r23b/toolchains/llvm/prebuilt/linux-x86_64/lib64/clang/12.0.8/include -internal-externc-isystem /home/magick/.buildozer/android/platform/android-ndk-r23b/toolchains/llvm/prebuilt/linux-x86_64/sysroot/usr/include/aarch64-linux-android -internal-externc-isystem /home/magick/.buildozer/android/platform/android-ndk-r23b/toolchains/llvm/prebuilt/linux-x86_64/sysroot/include -internal-externc-isystem /home/magick/.buildozer/android/platform/android-ndk-r23b/toolchains/llvm/prebuilt/linux-x86_64/sysroot/usr/include -O2 -Wformat -fdebug-compilation-dir /home/magick/Documents/dwyt/.buildozer/android/platform/build-arm64-v8a_armeabi-v7a/build/other_builds/jpeg/arm64-v8a__ndk_target_21/jpeg/CMakeFiles/CMakeTmp -ferror-limit 19 -stack-protector 2 -fno-signed-char -fgnuc-version=4.2.1 -fexceptions -vectorize-loops -vectorize-slp -o CMakeFiles/cmTC_fcc67.dir/CMakeCCompilerABI.c.o -x c /usr/share/cmake-3.24/Modules/CMakeCCompilerABI.c
clang -cc1 version 12.0.8 based upon LLVM 12.0.8git default target x86_64-unknown-linux-gnu
ignoring nonexistent directory "/home/magick/.buildozer/android/platform/android-ndk-r23b/toolchains/llvm/prebuilt/linux-x86_64/sysroot/include"
#include "..." search starts here:
#include <...> search starts here:
 /home/magick/.buildozer/android/platform/android-ndk-r23b/toolchains/llvm/prebuilt/linux-x86_64/sysroot/usr/local/include
 /home/magick/.buildozer/android/platform/android-ndk-r23b/toolchains/llvm/prebuilt/linux-x86_64/lib64/clang/12.0.8/include
 /home/magick/.buildozer/android/platform/android-ndk-r23b/toolchains/llvm/prebuilt/linux-x86_64/sysroot/usr/include/aarch64-linux-android
 /home/magick/.buildozer/android/platform/android-ndk-r23b/toolchains/llvm/prebuilt/linux-x86_64/sysroot/usr/include
End of search list.
Linking C executable cmTC_fcc67
/usr/bin/cmake -E cmake_link_script CMakeFiles/cmTC_fcc67.dir/link.txt --verbose=1
/home/magick/.buildozer/android/platform/android-ndk-r23b/toolchains/llvm/prebuilt/linux-x86_64/bin/clang --target=aarch64-none-linux-android21 --sysroot=/home/magick/.buildozer/android/platform/android-ndk-r23b/toolchains/llvm/prebuilt/linux-x86_64/sysroot -target aarch64-linux-android21 -fomit-frame-pointer -march=armv8-a -fPIC    -DANDROID -fdata-sections -ffunction-sections -funwind-tables -fstack-protector-strong -no-canonical-prefixes -D_FORTIFY_SOURCE=2 -Wformat -fexceptions  -O2 -g -DNDEBUG -Wl,--build-id=sha1 -Wl,--no-rosegment -Wl,--fatal-warnings -Qunused-arguments -Wl,--no-undefined  -Wl,--gc-sections   -L/home/magick/Documents/dwyt/.buildozer/android/platform/build-arm64-v8a_armeabi-v7a/build/libs_collections/dwyt/arm64-v8a -v CMakeFiles/cmTC_fcc67.dir/CMakeCCompilerABI.c.o -o cmTC_fcc67   -latomic -lm 
Android (7714059, based on r416183c1) clang version 12.0.8 (https://android.googlesource.com/toolchain/llvm-project c935d99d7cf2016289302412d708641d52d2f7ee)
Target: aarch64-unknown-linux-android21
Thread model: posix
InstalledDir: /home/magick/.buildozer/android/platform/android-ndk-r23b/toolchains/llvm/prebuilt/linux-x86_64/bin
Found candidate GCC installation: /home/magick/.buildozer/android/platform/android-ndk-r23b/toolchains/llvm/prebuilt/linux-x86_64/bin/../lib/gcc/aarch64-linux-android/4.9.x
Selected GCC installation: /home/magick/.buildozer/android/platform/android-ndk-r23b/toolchains/llvm/prebuilt/linux-x86_64/bin/../lib/gcc/aarch64-linux-android/4.9.x
Candidate multilib: .;@m64
Selected multilib: .;@m64
 "/home/magick/.buildozer/android/platform/android-ndk-r23b/toolchains/llvm/prebuilt/linux-x86_64/bin/ld" --sysroot=/home/magick/.buildozer/android/platform/android-ndk-r23b/toolchains/llvm/prebuilt/linux-x86_64/sysroot -pie -z noexecstack -EL --fix-cortex-a53-843419 --warn-shared-textrel -z now -z relro -z max-page-size=4096 --hash-style=both --enable-new-dtags --eh-frame-hdr -m aarch64linux -dynamic-linker /system/bin/linker64 -o cmTC_fcc67 /home/magick/.buildozer/android/platform/android-ndk-r23b/toolchains/llvm/prebuilt/linux-x86_64/sysroot/usr/lib/aarch64-linux-android/21/crtbegin_dynamic.o -L/home/magick/Documents/dwyt/.buildozer/android/platform/build-arm64-v8a_armeabi-v7a/build/libs_collections/dwyt/arm64-v8a -L/home/magick/.buildozer/android/platform/android-ndk-r23b/toolchains/llvm/prebuilt/linux-x86_64/lib64/clang/12.0.8/lib/linux/aarch64 -L/home/magick/.buildozer/android/platform/android-ndk-r23b/toolchains/llvm/prebuilt/linux-x86_64/bin/../lib/gcc/aarch64-linux-android/4.9.x -L/home/magick/.buildozer/android/platform/android-ndk-r23b/toolchains/llvm/prebuilt/linux-x86_64/sysroot/usr/lib/aarch64-linux-android/21 -L/home/magick/.buildozer/android/platform/android-ndk-r23b/toolchains/llvm/prebuilt/linux-x86_64/sysroot/usr/lib/aarch64-linux-android -L/home/magick/.buildozer/android/platform/android-ndk-r23b/toolchains/llvm/prebuilt/linux-x86_64/sysroot/usr/lib --build-id=sha1 --no-rosegment --fatal-warnings --no-undefined --gc-sections CMakeFiles/cmTC_fcc67.dir/CMakeCCompilerABI.c.o -latomic -lm /home/magick/.buildozer/android/platform/android-ndk-r23b/toolchains/llvm/prebuilt/linux-x86_64/lib64/clang/12.0.8/lib/linux/libclang_rt.builtins-aarch64-android.a -l:libunwind.a -ldl -lc /home/magick/.buildozer/android/platform/android-ndk-r23b/toolchains/llvm/prebuilt/linux-x86_64/lib64/clang/12.0.8/lib/linux/libclang_rt.builtins-aarch64-android.a -l:libunwind.a -ldl /home/magick/.buildozer/android/platform/android-ndk-r23b/toolchains/llvm/prebuilt/linux-x86_64/sysroot/usr/lib/aarch64-linux-android/21/crtend_android.o
make[1]: Leaving directory '/home/magick/Documents/dwyt/.buildozer/android/platform/build-arm64-v8a_armeabi-v7a/build/other_builds/jpeg/arm64-v8a__ndk_target_21/jpeg/CMakeFiles/CMakeTmp'



Parsed C implicit include dir info from above output: rv=done
  found start of include info
  found start of implicit include info
    add: [/home/magick/.buildozer/android/platform/android-ndk-r23b/toolchains/llvm/prebuilt/linux-x86_64/sysroot/usr/local/include]
    add: [/home/magick/.buildozer/android/platform/android-ndk-r23b/toolchains/llvm/prebuilt/linux-x86_64/lib64/clang/12.0.8/include]
    add: [/home/magick/.buildozer/android/platform/android-ndk-r23b/toolchains/llvm/prebuilt/linux-x86_64/sysroot/usr/include/aarch64-linux-android]
    add: [/home/magick/.buildozer/android/platform/android-ndk-r23b/toolchains/llvm/prebuilt/linux-x86_64/sysroot/usr/include]
  end of search list found
  collapse include dir [/home/magick/.buildozer/android/platform/android-ndk-r23b/toolchains/llvm/prebuilt/linux-x86_64/sysroot/usr/local/include] ==> [/home/magick/.buildozer/android/platform/android-ndk-r23b/toolchains/llvm/prebuilt/linux-x86_64/sysroot/usr/local/include]
  collapse include dir [/home/magick/.buildozer/android/platform/android-ndk-r23b/toolchains/llvm/prebuilt/linux-x86_64/lib64/clang/12.0.8/include] ==> [/home/magick/.buildozer/android/platform/android-ndk-r23b/toolchains/llvm/prebuilt/linux-x86_64/lib64/clang/12.0.8/include]
  collapse include dir [/home/magick/.buildozer/android/platform/android-ndk-r23b/toolchains/llvm/prebuilt/linux-x86_64/sysroot/usr/include/aarch64-linux-android] ==> [/home/magick/.buildozer/android/platform/android-ndk-r23b/toolchains/llvm/prebuilt/linux-x86_64/sysroot/usr/include/aarch64-linux-android]
  collapse include dir [/home/magick/.buildozer/android/platform/android-ndk-r23b/toolchains/llvm/prebuilt/linux-x86_64/sysroot/usr/include] ==> [/home/magick/.buildozer/android/platform/android-ndk-r23b/toolchains/llvm/prebuilt/linux-x86_64/sysroot/usr/include]
  implicit include dirs: [/home/magick/.buildozer/android/platform/android-ndk-r23b/toolchains/llvm/prebuilt/linux-x86_64/sysroot/usr/local/include;/home/magick/.buildozer/android/platform/android-ndk-r23b/toolchains/llvm/prebuilt/linux-x86_64/lib64/clang/12.0.8/include;/home/magick/.buildozer/android/platform/android-ndk-r23b/toolchains/llvm/prebuilt/linux-x86_64/sysroot/usr/include/aarch64-linux-android;/home/magick/.buildozer/android/platform/android-ndk-r23b/toolchains/llvm/prebuilt/linux-x86_64/sysroot/usr/include]


Parsed C implicit link information from above output:
  link line regex: [^( *|.*[/\])(ld\.lld|CMAKE_LINK_STARTFILE-NOTFOUND|([^/\]+-)?ld|collect2)[^/\]*( |$)]
  ignore line: [Change Dir: /home/magick/Documents/dwyt/.buildozer/android/platform/build-arm64-v8a_armeabi-v7a/build/other_builds/jpeg/arm64-v8a__ndk_target_21/jpeg/CMakeFiles/CMakeTmp]
  ignore line: []
  ignore line: [Run Build Command(s):/usr/bin/gmake -f Makefile cmTC_fcc67/fast && make -j2  -f CMakeFiles/cmTC_fcc67.dir/build.make CMakeFiles/cmTC_fcc67.dir/build]
  ignore line: [make[1]: Entering directory '/home/magick/Documents/dwyt/.buildozer/android/platform/build-arm64-v8a_armeabi-v7a/build/other_builds/jpeg/arm64-v8a__ndk_target_21/jpeg/CMakeFiles/CMakeTmp']
  ignore line: [Building C object CMakeFiles/cmTC_fcc67.dir/CMakeCCompilerABI.c.o]
  ignore line: [/home/magick/.buildozer/android/platform/android-ndk-r23b/toolchains/llvm/prebuilt/linux-x86_64/bin/clang --target=aarch64-none-linux-android21 --sysroot=/home/magick/.buildozer/android/platform/android-ndk-r23b/toolchains/llvm/prebuilt/linux-x86_64/sysroot   -target aarch64-linux-android21 -fomit-frame-pointer -march=armv8-a -fPIC    -DANDROID -fdata-sections -ffunction-sections -funwind-tables -fstack-protector-strong -no-canonical-prefixes -D_FORTIFY_SOURCE=2 -Wformat -fexceptions  -O2 -g -DNDEBUG -fPIE   -v -MD -MT CMakeFiles/cmTC_fcc67.dir/CMakeCCompilerABI.c.o -MF CMakeFiles/cmTC_fcc67.dir/CMakeCCompilerABI.c.o.d -o CMakeFiles/cmTC_fcc67.dir/CMakeCCompilerABI.c.o -c /usr/share/cmake-3.24/Modules/CMakeCCompilerABI.c]
  ignore line: [Android (7714059  based on r416183c1) clang version 12.0.8 (https://android.googlesource.com/toolchain/llvm-project c935d99d7cf2016289302412d708641d52d2f7ee)]
  ignore line: [Target: aarch64-unknown-linux-android21]
  ignore line: [Thread model: posix]
  ignore line: [InstalledDir: /home/magick/.buildozer/android/platform/android-ndk-r23b/toolchains/llvm/prebuilt/linux-x86_64/bin]
  ignore line: [Found candidate GCC installation: /home/magick/.buildozer/android/platform/android-ndk-r23b/toolchains/llvm/prebuilt/linux-x86_64/bin/../lib/gcc/aarch64-linux-android/4.9.x]
  ignore line: [Selected GCC installation: /home/magick/.buildozer/android/platform/android-ndk-r23b/toolchains/llvm/prebuilt/linux-x86_64/bin/../lib/gcc/aarch64-linux-android/4.9.x]
  ignore line: [Candidate multilib: .]
  ignore line: [@m64]
  ignore line: [Selected multilib: .]
  ignore line: [@m64]
  ignore line: [ (in-process)]
  ignore line: [ "/home/magick/.buildozer/android/platform/android-ndk-r23b/toolchains/llvm/prebuilt/linux-x86_64/bin/clang" -cc1 -triple aarch64-unknown-linux-android21 -emit-obj --mrelax-relocations -mnoexecstack -disable-free -disable-llvm-verifier -discard-value-names -main-file-name CMakeCCompilerABI.c -mrelocation-model pic -pic-level 2 -pic-is-pie -mframe-pointer=none -fno-rounding-math -mconstructor-aliases -munwind-tables -target-cpu generic -target-feature +neon -target-abi aapcs -mllvm -aarch64-fix-cortex-a53-835769=1 -fallow-half-arguments-and-returns -fno-split-dwarf-inlining -debug-info-kind=limited -dwarf-version=4 -debugger-tuning=gdb -v -ffunction-sections -fdata-sections -resource-dir /home/magick/.buildozer/android/platform/android-ndk-r23b/toolchains/llvm/prebuilt/linux-x86_64/lib64/clang/12.0.8 -dependency-file CMakeFiles/cmTC_fcc67.dir/CMakeCCompilerABI.c.o.d -MT CMakeFiles/cmTC_fcc67.dir/CMakeCCompilerABI.c.o -sys-header-deps -D ANDROID -D _FORTIFY_SOURCE=2 -D NDEBUG -isysroot /home/magick/.buildozer/android/platform/android-ndk-r23b/toolchains/llvm/prebuilt/linux-x86_64/sysroot -internal-isystem /home/magick/.buildozer/android/platform/android-ndk-r23b/toolchains/llvm/prebuilt/linux-x86_64/sysroot/usr/local/include -internal-isystem /home/magick/.buildozer/android/platform/android-ndk-r23b/toolchains/llvm/prebuilt/linux-x86_64/lib64/clang/12.0.8/include -internal-externc-isystem /home/magick/.buildozer/android/platform/android-ndk-r23b/toolchains/llvm/prebuilt/linux-x86_64/sysroot/usr/include/aarch64-linux-android -internal-externc-isystem /home/magick/.buildozer/android/platform/android-ndk-r23b/toolchains/llvm/prebuilt/linux-x86_64/sysroot/include -internal-externc-isystem /home/magick/.buildozer/android/platform/android-ndk-r23b/toolchains/llvm/prebuilt/linux-x86_64/sysroot/usr/include -O2 -Wformat -fdebug-compilation-dir /home/magick/Documents/dwyt/.buildozer/android/platform/build-arm64-v8a_armeabi-v7a/build/other_builds/jpeg/arm64-v8a__ndk_target_21/jpeg/CMakeFiles/CMakeTmp -ferror-limit 19 -stack-protector 2 -fno-signed-char -fgnuc-version=4.2.1 -fexceptions -vectorize-loops -vectorize-slp -o CMakeFiles/cmTC_fcc67.dir/CMakeCCompilerABI.c.o -x c /usr/share/cmake-3.24/Modules/CMakeCCompilerABI.c]
  ignore line: [clang -cc1 version 12.0.8 based upon LLVM 12.0.8git default target x86_64-unknown-linux-gnu]
  ignore line: [ignoring nonexistent directory "/home/magick/.buildozer/android/platform/android-ndk-r23b/toolchains/llvm/prebuilt/linux-x86_64/sysroot/include"]
  ignore line: [#include "..." search starts here:]
  ignore line: [#include <...> search starts here:]
  ignore line: [ /home/magick/.buildozer/android/platform/android-ndk-r23b/toolchains/llvm/prebuilt/linux-x86_64/sysroot/usr/local/include]
  ignore line: [ /home/magick/.buildozer/android/platform/android-ndk-r23b/toolchains/llvm/prebuilt/linux-x86_64/lib64/clang/12.0.8/include]
  ignore line: [ /home/magick/.buildozer/android/platform/android-ndk-r23b/toolchains/llvm/prebuilt/linux-x86_64/sysroot/usr/include/aarch64-linux-android]
  ignore line: [ /home/magick/.buildozer/android/platform/android-ndk-r23b/toolchains/llvm/prebuilt/linux-x86_64/sysroot/usr/include]
  ignore line: [End of search list.]
  ignore line: [Linking C executable cmTC_fcc67]
  ignore line: [/usr/bin/cmake -E cmake_link_script CMakeFiles/cmTC_fcc67.dir/link.txt --verbose=1]
  ignore line: [/home/magick/.buildozer/android/platform/android-ndk-r23b/toolchains/llvm/prebuilt/linux-x86_64/bin/clang --target=aarch64-none-linux-android21 --sysroot=/home/magick/.buildozer/android/platform/android-ndk-r23b/toolchains/llvm/prebuilt/linux-x86_64/sysroot -target aarch64-linux-android21 -fomit-frame-pointer -march=armv8-a -fPIC    -DANDROID -fdata-sections -ffunction-sections -funwind-tables -fstack-protector-strong -no-canonical-prefixes -D_FORTIFY_SOURCE=2 -Wformat -fexceptions  -O2 -g -DNDEBUG -Wl --build-id=sha1 -Wl --no-rosegment -Wl --fatal-warnings -Qunused-arguments -Wl --no-undefined  -Wl --gc-sections   -L/home/magick/Documents/dwyt/.buildozer/android/platform/build-arm64-v8a_armeabi-v7a/build/libs_collections/dwyt/arm64-v8a -v CMakeFiles/cmTC_fcc67.dir/CMakeCCompilerABI.c.o -o cmTC_fcc67   -latomic -lm ]
  ignore line: [Android (7714059  based on r416183c1) clang version 12.0.8 (https://android.googlesource.com/toolchain/llvm-project c935d99d7cf2016289302412d708641d52d2f7ee)]
  ignore line: [Target: aarch64-unknown-linux-android21]
  ignore line: [Thread model: posix]
  ignore line: [InstalledDir: /home/magick/.buildozer/android/platform/android-ndk-r23b/toolchains/llvm/prebuilt/linux-x86_64/bin]
  ignore line: [Found candidate GCC installation: /home/magick/.buildozer/android/platform/android-ndk-r23b/toolchains/llvm/prebuilt/linux-x86_64/bin/../lib/gcc/aarch64-linux-android/4.9.x]
  ignore line: [Selected GCC installation: /home/magick/.buildozer/android/platform/android-ndk-r23b/toolchains/llvm/prebuilt/linux-x86_64/bin/../lib/gcc/aarch64-linux-android/4.9.x]
  ignore line: [Candidate multilib: .]
  ignore line: [@m64]
  ignore line: [Selected multilib: .]
  ignore line: [@m64]
  link line: [ "/home/magick/.buildozer/android/platform/android-ndk-r23b/toolchains/llvm/prebuilt/linux-x86_64/bin/ld" --sysroot=/home/magick/.buildozer/android/platform/android-ndk-r23b/toolchains/llvm/prebuilt/linux-x86_64/sysroot -pie -z noexecstack -EL --fix-cortex-a53-843419 --warn-shared-textrel -z now -z relro -z max-page-size=4096 --hash-style=both --enable-new-dtags --eh-frame-hdr -m aarch64linux -dynamic-linker /system/bin/linker64 -o cmTC_fcc67 /home/magick/.buildozer/android/platform/android-ndk-r23b/toolchains/llvm/prebuilt/linux-x86_64/sysroot/usr/lib/aarch64-linux-android/21/crtbegin_dynamic.o -L/home/magick/Documents/dwyt/.buildozer/android/platform/build-arm64-v8a_armeabi-v7a/build/libs_collections/dwyt/arm64-v8a -L/home/magick/.buildozer/android/platform/android-ndk-r23b/toolchains/llvm/prebuilt/linux-x86_64/lib64/clang/12.0.8/lib/linux/aarch64 -L/home/magick/.buildozer/android/platform/android-ndk-r23b/toolchains/llvm/prebuilt/linux-x86_64/bin/../lib/gcc/aarch64-linux-android/4.9.x -L/home/magick/.buildozer/android/platform/android-ndk-r23b/toolchains/llvm/prebuilt/linux-x86_64/sysroot/usr/lib/aarch64-linux-android/21 -L/home/magick/.buildozer/android/platform/android-ndk-r23b/toolchains/llvm/prebuilt/linux-x86_64/sysroot/usr/lib/aarch64-linux-android -L/home/magick/.buildozer/android/platform/android-ndk-r23b/toolchains/llvm/prebuilt/linux-x86_64/sysroot/usr/lib --build-id=sha1 --no-rosegment --fatal-warnings --no-undefined --gc-sections CMakeFiles/cmTC_fcc67.dir/CMakeCCompilerABI.c.o -latomic -lm /home/magick/.buildozer/android/platform/android-ndk-r23b/toolchains/llvm/prebuilt/linux-x86_64/lib64/clang/12.0.8/lib/linux/libclang_rt.builtins-aarch64-android.a -l:libunwind.a -ldl -lc /home/magick/.buildozer/android/platform/android-ndk-r23b/toolchains/llvm/prebuilt/linux-x86_64/lib64/clang/12.0.8/lib/linux/libclang_rt.builtins-aarch64-android.a -l:libunwind.a -ldl /home/magick/.buildozer/android/platform/android-ndk-r23b/toolchains/llvm/prebuilt/linux-x86_64/sysroot/usr/lib/aarch64-linux-android/21/crtend_android.o]
    arg [/home/magick/.buildozer/android/platform/android-ndk-r23b/toolchains/llvm/prebuilt/linux-x86_64/bin/ld] ==> ignore
    arg [--sysroot=/home/magick/.buildozer/android/platform/android-ndk-r23b/toolchains/llvm/prebuilt/linux-x86_64/sysroot] ==> ignore
    arg [-pie] ==> ignore
    arg [-znoexecstack] ==> ignore
    arg [-EL] ==> ignore
    arg [--fix-cortex-a53-843419] ==> ignore
    arg [--warn-shared-textrel] ==> ignore
    arg [-znow] ==> ignore
    arg [-zrelro] ==> ignore
    arg [-zmax-page-size=4096] ==> ignore
    arg [--hash-style=both] ==> ignore
    arg [--enable-new-dtags] ==> ignore
    arg [--eh-frame-hdr] ==> ignore
    arg [-m] ==> ignore
    arg [aarch64linux] ==> ignore
    arg [-dynamic-linker] ==> ignore
    arg [/system/bin/linker64] ==> ignore
    arg [-o] ==> ignore
    arg [cmTC_fcc67] ==> ignore
    arg [/home/magick/.buildozer/android/platform/android-ndk-r23b/toolchains/llvm/prebuilt/linux-x86_64/sysroot/usr/lib/aarch64-linux-android/21/crtbegin_dynamic.o] ==> obj [/home/magick/.buildozer/android/platform/android-ndk-r23b/toolchains/llvm/prebuilt/linux-x86_64/sysroot/usr/lib/aarch64-linux-android/21/crtbegin_dynamic.o]
    arg [-L/home/magick/Documents/dwyt/.buildozer/android/platform/build-arm64-v8a_armeabi-v7a/build/libs_collections/dwyt/arm64-v8a] ==> dir [/home/magick/Documents/dwyt/.buildozer/android/platform/build-arm64-v8a_armeabi-v7a/build/libs_collections/dwyt/arm64-v8a]
    arg [-L/home/magick/.buildozer/android/platform/android-ndk-r23b/toolchains/llvm/prebuilt/linux-x86_64/lib64/clang/12.0.8/lib/linux/aarch64] ==> dir [/home/magick/.buildozer/android/platform/android-ndk-r23b/toolchains/llvm/prebuilt/linux-x86_64/lib64/clang/12.0.8/lib/linux/aarch64]
    arg [-L/home/magick/.buildozer/android/platform/android-ndk-r23b/toolchains/llvm/prebuilt/linux-x86_64/bin/../lib/gcc/aarch64-linux-android/4.9.x] ==> dir [/home/magick/.buildozer/android/platform/android-ndk-r23b/toolchains/llvm/prebuilt/linux-x86_64/bin/../lib/gcc/aarch64-linux-android/4.9.x]
    arg [-L/home/magick/.buildozer/android/platform/android-ndk-r23b/toolchains/llvm/prebuilt/linux-x86_64/sysroot/usr/lib/aarch64-linux-android/21] ==> dir [/home/magick/.buildozer/android/platform/android-ndk-r23b/toolchains/llvm/prebuilt/linux-x86_64/sysroot/usr/lib/aarch64-linux-android/21]
    arg [-L/home/magick/.buildozer/android/platform/android-ndk-r23b/toolchains/llvm/prebuilt/linux-x86_64/sysroot/usr/lib/aarch64-linux-android] ==> dir [/home/magick/.buildozer/android/platform/android-ndk-r23b/toolchains/llvm/prebuilt/linux-x86_64/sysroot/usr/lib/aarch64-linux-android]
    arg [-L/home/magick/.buildozer/android/platform/android-ndk-r23b/toolchains/llvm/prebuilt/linux-x86_64/sysroot/usr/lib] ==> dir [/home/magick/.buildozer/android/platform/android-ndk-r23b/toolchains/llvm/prebuilt/linux-x86_64/sysroot/usr/lib]
    arg [--build-id=sha1] ==> ignore
    arg [--no-rosegment] ==> ignore
    arg [--fatal-warnings] ==> ignore
    arg [--no-undefined] ==> ignore
    arg [--gc-sections] ==> ignore
    arg [CMakeFiles/cmTC_fcc67.dir/CMakeCCompilerABI.c.o] ==> ignore
    arg [-latomic] ==> lib [atomic]
    arg [-lm] ==> lib [m]
    arg [/home/magick/.buildozer/android/platform/android-ndk-r23b/toolchains/llvm/prebuilt/linux-x86_64/lib64/clang/12.0.8/lib/linux/libclang_rt.builtins-aarch64-android.a] ==> lib [/home/magick/.buildozer/android/platform/android-ndk-r23b/toolchains/llvm/prebuilt/linux-x86_64/lib64/clang/12.0.8/lib/linux/libclang_rt.builtins-aarch64-android.a]
    arg [-l:libunwind.a] ==> lib [-l:libunwind.a]
    arg [-ldl] ==> lib [dl]
    arg [-lc] ==> lib [c]
    arg [/home/magick/.buildozer/android/platform/android-ndk-r23b/toolchains/llvm/prebuilt/linux-x86_64/lib64/clang/12.0.8/lib/linux/libclang_rt.builtins-aarch64-android.a] ==> lib [/home/magick/.buildozer/android/platform/android-ndk-r23b/toolchains/llvm/prebuilt/linux-x86_64/lib64/clang/12.0.8/lib/linux/libclang_rt.builtins-aarch64-android.a]
    arg [-l:libunwind.a] ==> lib [-l:libunwind.a]
    arg [-ldl] ==> lib [dl]
    arg [/home/magick/.buildozer/android/platform/android-ndk-r23b/toolchains/llvm/prebuilt/linux-x86_64/sysroot/usr/lib/aarch64-linux-android/21/crtend_android.o] ==> obj [/home/magick/.buildozer/android/platform/android-ndk-r23b/toolchains/llvm/prebuilt/linux-x86_64/sysroot/usr/lib/aarch64-linux-android/21/crtend_android.o]
  remove lib [/home/magick/.buildozer/android/platform/android-ndk-r23b/toolchains/llvm/prebuilt/linux-x86_64/lib64/clang/12.0.8/lib/linux/libclang_rt.builtins-aarch64-android.a]
  remove lib [/home/magick/.buildozer/android/platform/android-ndk-r23b/toolchains/llvm/prebuilt/linux-x86_64/lib64/clang/12.0.8/lib/linux/libclang_rt.builtins-aarch64-android.a]
  collapse library dir [/home/magick/Documents/dwyt/.buildozer/android/platform/build-arm64-v8a_armeabi-v7a/build/libs_collections/dwyt/arm64-v8a] ==> [/home/magick/Documents/dwyt/.buildozer/android/platform/build-arm64-v8a_armeabi-v7a/build/libs_collections/dwyt/arm64-v8a]
  collapse library dir [/home/magick/.buildozer/android/platform/android-ndk-r23b/toolchains/llvm/prebuilt/linux-x86_64/lib64/clang/12.0.8/lib/linux/aarch64] ==> [/home/magick/.buildozer/android/platform/android-ndk-r23b/toolchains/llvm/prebuilt/linux-x86_64/lib64/clang/12.0.8/lib/linux/aarch64]
  collapse library dir [/home/magick/.buildozer/android/platform/android-ndk-r23b/toolchains/llvm/prebuilt/linux-x86_64/bin/../lib/gcc/aarch64-linux-android/4.9.x] ==> [/home/magick/.buildozer/android/platform/android-ndk-r23b/toolchains/llvm/prebuilt/linux-x86_64/lib/gcc/aarch64-linux-android/4.9.x]
  collapse library dir [/home/magick/.buildozer/android/platform/android-ndk-r23b/toolchains/llvm/prebuilt/linux-x86_64/sysroot/usr/lib/aarch64-linux-android/21] ==> [/home/magick/.buildozer/android/platform/android-ndk-r23b/toolchains/llvm/prebuilt/linux-x86_64/sysroot/usr/lib/aarch64-linux-android/21]
  collapse library dir [/home/magick/.buildozer/android/platform/android-ndk-r23b/toolchains/llvm/prebuilt/linux-x86_64/sysroot/usr/lib/aarch64-linux-android] ==> [/home/magick/.buildozer/android/platform/android-ndk-r23b/toolchains/llvm/prebuilt/linux-x86_64/sysroot/usr/lib/aarch64-linux-android]
  collapse library dir [/home/magick/.buildozer/android/platform/android-ndk-r23b/toolchains/llvm/prebuilt/linux-x86_64/sysroot/usr/lib] ==> [/home/magick/.buildozer/android/platform/android-ndk-r23b/toolchains/llvm/prebuilt/linux-x86_64/sysroot/usr/lib]
  implicit libs: [atomic;m;-l:libunwind.a;dl;c;-l:libunwind.a;dl]
  implicit objs: [/home/magick/.buildozer/android/platform/android-ndk-r23b/toolchains/llvm/prebuilt/linux-x86_64/sysroot/usr/lib/aarch64-linux-android/21/crtbegin_dynamic.o;/home/magick/.buildozer/android/platform/android-ndk-r23b/toolchains/llvm/prebuilt/linux-x86_64/sysroot/usr/lib/aarch64-linux-android/21/crtend_android.o]
  implicit dirs: [/home/magick/Documents/dwyt/.buildozer/android/platform/build-arm64-v8a_armeabi-v7a/build/libs_collections/dwyt/arm64-v8a;/home/magick/.buildozer/android/platform/android-ndk-r23b/toolchains/llvm/prebuilt/linux-x86_64/lib64/clang/12.0.8/lib/linux/aarch64;/home/magick/.buildozer/android/platform/android-ndk-r23b/toolchains/llvm/prebuilt/linux-x86_64/lib/gcc/aarch64-linux-android/4.9.x;/home/magick/.buildozer/android/platform/android-ndk-r23b/toolchains/llvm/prebuilt/linux-x86_64/sysroot/usr/lib/aarch64-linux-android/21;/home/magick/.buildozer/android/platform/android-ndk-r23b/toolchains/llvm/prebuilt/linux-x86_64/sysroot/usr/lib/aarch64-linux-android;/home/magick/.buildozer/android/platform/android-ndk-r23b/toolchains/llvm/prebuilt/linux-x86_64/sysroot/usr/lib]
  implicit fwks: []


Determining if the include file sys/types.h exists passed with the following output:
Change Dir: /home/magick/Documents/dwyt/.buildozer/android/platform/build-arm64-v8a_armeabi-v7a/build/other_builds/jpeg/arm64-v8a__ndk_target_21/jpeg/CMakeFiles/CMakeTmp

Run Build Command(s):/usr/bin/gmake -f Makefile cmTC_99210/fast && make -j2  -f CMakeFiles/cmTC_99210.dir/build.make CMakeFiles/cmTC_99210.dir/build
make[1]: Entering directory '/home/magick/Documents/dwyt/.buildozer/android/platform/build-arm64-v8a_armeabi-v7a/build/other_builds/jpeg/arm64-v8a__ndk_target_21/jpeg/CMakeFiles/CMakeTmp'
Building C object CMakeFiles/cmTC_99210.dir/CheckIncludeFile.c.o
/home/magick/.buildozer/android/platform/android-ndk-r23b/toolchains/llvm/prebuilt/linux-x86_64/bin/clang --target=aarch64-none-linux-android21 --sysroot=/home/magick/.buildozer/android/platform/android-ndk-r23b/toolchains/llvm/prebuilt/linux-x86_64/sysroot   -target aarch64-linux-android21 -fomit-frame-pointer -march=armv8-a -fPIC    -DANDROID -fdata-sections -ffunction-sections -funwind-tables -fstack-protector-strong -no-canonical-prefixes -D_FORTIFY_SOURCE=2 -Wformat -Werror=format-security -fexceptions  -O2 -g -DNDEBUG -fPIE -MD -MT CMakeFiles/cmTC_99210.dir/CheckIncludeFile.c.o -MF CMakeFiles/cmTC_99210.dir/CheckIncludeFile.c.o.d -o CMakeFiles/cmTC_99210.dir/CheckIncludeFile.c.o -c /home/magick/Documents/dwyt/.buildozer/android/platform/build-arm64-v8a_armeabi-v7a/build/other_builds/jpeg/arm64-v8a__ndk_target_21/jpeg/CMakeFiles/CMakeTmp/CheckIncludeFile.c
Linking C executable cmTC_99210
/usr/bin/cmake -E cmake_link_script CMakeFiles/cmTC_99210.dir/link.txt --verbose=1
/home/magick/.buildozer/android/platform/android-ndk-r23b/toolchains/llvm/prebuilt/linux-x86_64/bin/clang --target=aarch64-none-linux-android21 --sysroot=/home/magick/.buildozer/android/platform/android-ndk-r23b/toolchains/llvm/prebuilt/linux-x86_64/sysroot -target aarch64-linux-android21 -fomit-frame-pointer -march=armv8-a -fPIC    -DANDROID -fdata-sections -ffunction-sections -funwind-tables -fstack-protector-strong -no-canonical-prefixes -D_FORTIFY_SOURCE=2 -Wformat -Werror=format-security -fexceptions  -O2 -g -DNDEBUG -Wl,--build-id=sha1 -Wl,--no-rosegment -Wl,--fatal-warnings -Qunused-arguments -Wl,--no-undefined  -Wl,--gc-sections   -L/home/magick/Documents/dwyt/.buildozer/android/platform/build-arm64-v8a_armeabi-v7a/build/libs_collections/dwyt/arm64-v8a  CMakeFiles/cmTC_99210.dir/CheckIncludeFile.c.o -o cmTC_99210   -latomic -lm 
make[1]: Leaving directory '/home/magick/Documents/dwyt/.buildozer/android/platform/build-arm64-v8a_armeabi-v7a/build/other_builds/jpeg/arm64-v8a__ndk_target_21/jpeg/CMakeFiles/CMakeTmp'



Determining if the include file stdint.h exists passed with the following output:
Change Dir: /home/magick/Documents/dwyt/.buildozer/android/platform/build-arm64-v8a_armeabi-v7a/build/other_builds/jpeg/arm64-v8a__ndk_target_21/jpeg/CMakeFiles/CMakeTmp

Run Build Command(s):/usr/bin/gmake -f Makefile cmTC_633a1/fast && make -j2  -f CMakeFiles/cmTC_633a1.dir/build.make CMakeFiles/cmTC_633a1.dir/build
make[1]: Entering directory '/home/magick/Documents/dwyt/.buildozer/android/platform/build-arm64-v8a_armeabi-v7a/build/other_builds/jpeg/arm64-v8a__ndk_target_21/jpeg/CMakeFiles/CMakeTmp'
Building C object CMakeFiles/cmTC_633a1.dir/CheckIncludeFile.c.o
/home/magick/.buildozer/android/platform/android-ndk-r23b/toolchains/llvm/prebuilt/linux-x86_64/bin/clang --target=aarch64-none-linux-android21 --sysroot=/home/magick/.buildozer/android/platform/android-ndk-r23b/toolchains/llvm/prebuilt/linux-x86_64/sysroot   -target aarch64-linux-android21 -fomit-frame-pointer -march=armv8-a -fPIC    -DANDROID -fdata-sections -ffunction-sections -funwind-tables -fstack-protector-strong -no-canonical-prefixes -D_FORTIFY_SOURCE=2 -Wformat -Werror=format-security -fexceptions  -O2 -g -DNDEBUG -fPIE -MD -MT CMakeFiles/cmTC_633a1.dir/CheckIncludeFile.c.o -MF CMakeFiles/cmTC_633a1.dir/CheckIncludeFile.c.o.d -o CMakeFiles/cmTC_633a1.dir/CheckIncludeFile.c.o -c /home/magick/Documents/dwyt/.buildozer/android/platform/build-arm64-v8a_armeabi-v7a/build/other_builds/jpeg/arm64-v8a__ndk_target_21/jpeg/CMakeFiles/CMakeTmp/CheckIncludeFile.c
Linking C executable cmTC_633a1
/usr/bin/cmake -E cmake_link_script CMakeFiles/cmTC_633a1.dir/link.txt --verbose=1
/home/magick/.buildozer/android/platform/android-ndk-r23b/toolchains/llvm/prebuilt/linux-x86_64/bin/clang --target=aarch64-none-linux-android21 --sysroot=/home/magick/.buildozer/android/platform/android-ndk-r23b/toolchains/llvm/prebuilt/linux-x86_64/sysroot -target aarch64-linux-android21 -fomit-frame-pointer -march=armv8-a -fPIC    -DANDROID -fdata-sections -ffunction-sections -funwind-tables -fstack-protector-strong -no-canonical-prefixes -D_FORTIFY_SOURCE=2 -Wformat -Werror=format-security -fexceptions  -O2 -g -DNDEBUG -Wl,--build-id=sha1 -Wl,--no-rosegment -Wl,--fatal-warnings -Qunused-arguments -Wl,--no-undefined  -Wl,--gc-sections   -L/home/magick/Documents/dwyt/.buildozer/android/platform/build-arm64-v8a_armeabi-v7a/build/libs_collections/dwyt/arm64-v8a  CMakeFiles/cmTC_633a1.dir/CheckIncludeFile.c.o -o cmTC_633a1   -latomic -lm 
make[1]: Leaving directory '/home/magick/Documents/dwyt/.buildozer/android/platform/build-arm64-v8a_armeabi-v7a/build/other_builds/jpeg/arm64-v8a__ndk_target_21/jpeg/CMakeFiles/CMakeTmp'



Determining if the include file stddef.h exists passed with the following output:
Change Dir: /home/magick/Documents/dwyt/.buildozer/android/platform/build-arm64-v8a_armeabi-v7a/build/other_builds/jpeg/arm64-v8a__ndk_target_21/jpeg/CMakeFiles/CMakeTmp

Run Build Command(s):/usr/bin/gmake -f Makefile cmTC_babda/fast && make -j2  -f CMakeFiles/cmTC_babda.dir/build.make CMakeFiles/cmTC_babda.dir/build
make[1]: Entering directory '/home/magick/Documents/dwyt/.buildozer/android/platform/build-arm64-v8a_armeabi-v7a/build/other_builds/jpeg/arm64-v8a__ndk_target_21/jpeg/CMakeFiles/CMakeTmp'
Building C object CMakeFiles/cmTC_babda.dir/CheckIncludeFile.c.o
/home/magick/.buildozer/android/platform/android-ndk-r23b/toolchains/llvm/prebuilt/linux-x86_64/bin/clang --target=aarch64-none-linux-android21 --sysroot=/home/magick/.buildozer/android/platform/android-ndk-r23b/toolchains/llvm/prebuilt/linux-x86_64/sysroot   -target aarch64-linux-android21 -fomit-frame-pointer -march=armv8-a -fPIC    -DANDROID -fdata-sections -ffunction-sections -funwind-tables -fstack-protector-strong -no-canonical-prefixes -D_FORTIFY_SOURCE=2 -Wformat -Werror=format-security -fexceptions  -O2 -g -DNDEBUG -fPIE -MD -MT CMakeFiles/cmTC_babda.dir/CheckIncludeFile.c.o -MF CMakeFiles/cmTC_babda.dir/CheckIncludeFile.c.o.d -o CMakeFiles/cmTC_babda.dir/CheckIncludeFile.c.o -c /home/magick/Documents/dwyt/.buildozer/android/platform/build-arm64-v8a_armeabi-v7a/build/other_builds/jpeg/arm64-v8a__ndk_target_21/jpeg/CMakeFiles/CMakeTmp/CheckIncludeFile.c
Linking C executable cmTC_babda
/usr/bin/cmake -E cmake_link_script CMakeFiles/cmTC_babda.dir/link.txt --verbose=1
/home/magick/.buildozer/android/platform/android-ndk-r23b/toolchains/llvm/prebuilt/linux-x86_64/bin/clang --target=aarch64-none-linux-android21 --sysroot=/home/magick/.buildozer/android/platform/android-ndk-r23b/toolchains/llvm/prebuilt/linux-x86_64/sysroot -target aarch64-linux-android21 -fomit-frame-pointer -march=armv8-a -fPIC    -DANDROID -fdata-sections -ffunction-sections -funwind-tables -fstack-protector-strong -no-canonical-prefixes -D_FORTIFY_SOURCE=2 -Wformat -Werror=format-security -fexceptions  -O2 -g -DNDEBUG -Wl,--build-id=sha1 -Wl,--no-rosegment -Wl,--fatal-warnings -Qunused-arguments -Wl,--no-undefined  -Wl,--gc-sections   -L/home/magick/Documents/dwyt/.buildozer/android/platform/build-arm64-v8a_armeabi-v7a/build/libs_collections/dwyt/arm64-v8a  CMakeFiles/cmTC_babda.dir/CheckIncludeFile.c.o -o cmTC_babda   -latomic -lm 
make[1]: Leaving directory '/home/magick/Documents/dwyt/.buildozer/android/platform/build-arm64-v8a_armeabi-v7a/build/other_builds/jpeg/arm64-v8a__ndk_target_21/jpeg/CMakeFiles/CMakeTmp'



Determining size of size_t passed with the following output:
Change Dir: /home/magick/Documents/dwyt/.buildozer/android/platform/build-arm64-v8a_armeabi-v7a/build/other_builds/jpeg/arm64-v8a__ndk_target_21/jpeg/CMakeFiles/CMakeTmp

Run Build Command(s):/usr/bin/gmake -f Makefile cmTC_07fa8/fast && make -j2  -f CMakeFiles/cmTC_07fa8.dir/build.make CMakeFiles/cmTC_07fa8.dir/build
make[1]: Entering directory '/home/magick/Documents/dwyt/.buildozer/android/platform/build-arm64-v8a_armeabi-v7a/build/other_builds/jpeg/arm64-v8a__ndk_target_21/jpeg/CMakeFiles/CMakeTmp'
Building C object CMakeFiles/cmTC_07fa8.dir/SIZE_T.c.o
/home/magick/.buildozer/android/platform/android-ndk-r23b/toolchains/llvm/prebuilt/linux-x86_64/bin/clang --target=aarch64-none-linux-android21 --sysroot=/home/magick/.buildozer/android/platform/android-ndk-r23b/toolchains/llvm/prebuilt/linux-x86_64/sysroot   -target aarch64-linux-android21 -fomit-frame-pointer -march=armv8-a -fPIC    -DANDROID -fdata-sections -ffunction-sections -funwind-tables -fstack-protector-strong -no-canonical-prefixes -D_FORTIFY_SOURCE=2 -Wformat -Werror=format-security -fexceptions  -O2 -g -DNDEBUG -fPIE -MD -MT CMakeFiles/cmTC_07fa8.dir/SIZE_T.c.o -MF CMakeFiles/cmTC_07fa8.dir/SIZE_T.c.o.d -o CMakeFiles/cmTC_07fa8.dir/SIZE_T.c.o -c /home/magick/Documents/dwyt/.buildozer/android/platform/build-arm64-v8a_armeabi-v7a/build/other_builds/jpeg/arm64-v8a__ndk_target_21/jpeg/CMakeFiles/CheckTypeSize/SIZE_T.c
Linking C executable cmTC_07fa8
/usr/bin/cmake -E cmake_link_script CMakeFiles/cmTC_07fa8.dir/link.txt --verbose=1
/home/magick/.buildozer/android/platform/android-ndk-r23b/toolchains/llvm/prebuilt/linux-x86_64/bin/clang --target=aarch64-none-linux-android21 --sysroot=/home/magick/.buildozer/android/platform/android-ndk-r23b/toolchains/llvm/prebuilt/linux-x86_64/sysroot -target aarch64-linux-android21 -fomit-frame-pointer -march=armv8-a -fPIC    -DANDROID -fdata-sections -ffunction-sections -funwind-tables -fstack-protector-strong -no-canonical-prefixes -D_FORTIFY_SOURCE=2 -Wformat -Werror=format-security -fexceptions  -O2 -g -DNDEBUG -Wl,--build-id=sha1 -Wl,--no-rosegment -Wl,--fatal-warnings -Qunused-arguments -Wl,--no-undefined  -Wl,--gc-sections   -L/home/magick/Documents/dwyt/.buildozer/android/platform/build-arm64-v8a_armeabi-v7a/build/libs_collections/dwyt/arm64-v8a  CMakeFiles/cmTC_07fa8.dir/SIZE_T.c.o -o cmTC_07fa8   -latomic -lm 
make[1]: Leaving directory '/home/magick/Documents/dwyt/.buildozer/android/platform/build-arm64-v8a_armeabi-v7a/build/other_builds/jpeg/arm64-v8a__ndk_target_21/jpeg/CMakeFiles/CMakeTmp'



Determining size of unsigned long passed with the following output:
Change Dir: /home/magick/Documents/dwyt/.buildozer/android/platform/build-arm64-v8a_armeabi-v7a/build/other_builds/jpeg/arm64-v8a__ndk_target_21/jpeg/CMakeFiles/CMakeTmp

Run Build Command(s):/usr/bin/gmake -f Makefile cmTC_65050/fast && make -j2  -f CMakeFiles/cmTC_65050.dir/build.make CMakeFiles/cmTC_65050.dir/build
make[1]: Entering directory '/home/magick/Documents/dwyt/.buildozer/android/platform/build-arm64-v8a_armeabi-v7a/build/other_builds/jpeg/arm64-v8a__ndk_target_21/jpeg/CMakeFiles/CMakeTmp'
Building C object CMakeFiles/cmTC_65050.dir/UNSIGNED_LONG.c.o
/home/magick/.buildozer/android/platform/android-ndk-r23b/toolchains/llvm/prebuilt/linux-x86_64/bin/clang --target=aarch64-none-linux-android21 --sysroot=/home/magick/.buildozer/android/platform/android-ndk-r23b/toolchains/llvm/prebuilt/linux-x86_64/sysroot   -target aarch64-linux-android21 -fomit-frame-pointer -march=armv8-a -fPIC    -DANDROID -fdata-sections -ffunction-sections -funwind-tables -fstack-protector-strong -no-canonical-prefixes -D_FORTIFY_SOURCE=2 -Wformat -Werror=format-security -fexceptions  -O2 -g -DNDEBUG -fPIE -MD -MT CMakeFiles/cmTC_65050.dir/UNSIGNED_LONG.c.o -MF CMakeFiles/cmTC_65050.dir/UNSIGNED_LONG.c.o.d -o CMakeFiles/cmTC_65050.dir/UNSIGNED_LONG.c.o -c /home/magick/Documents/dwyt/.buildozer/android/platform/build-arm64-v8a_armeabi-v7a/build/other_builds/jpeg/arm64-v8a__ndk_target_21/jpeg/CMakeFiles/CheckTypeSize/UNSIGNED_LONG.c
Linking C executable cmTC_65050
/usr/bin/cmake -E cmake_link_script CMakeFiles/cmTC_65050.dir/link.txt --verbose=1
/home/magick/.buildozer/android/platform/android-ndk-r23b/toolchains/llvm/prebuilt/linux-x86_64/bin/clang --target=aarch64-none-linux-android21 --sysroot=/home/magick/.buildozer/android/platform/android-ndk-r23b/toolchains/llvm/prebuilt/linux-x86_64/sysroot -target aarch64-linux-android21 -fomit-frame-pointer -march=armv8-a -fPIC    -DANDROID -fdata-sections -ffunction-sections -funwind-tables -fstack-protector-strong -no-canonical-prefixes -D_FORTIFY_SOURCE=2 -Wformat -Werror=format-security -fexceptions  -O2 -g -DNDEBUG -Wl,--build-id=sha1 -Wl,--no-rosegment -Wl,--fatal-warnings -Qunused-arguments -Wl,--no-undefined  -Wl,--gc-sections   -L/home/magick/Documents/dwyt/.buildozer/android/platform/build-arm64-v8a_armeabi-v7a/build/libs_collections/dwyt/arm64-v8a  CMakeFiles/cmTC_65050.dir/UNSIGNED_LONG.c.o -o cmTC_65050   -latomic -lm 
make[1]: Leaving directory '/home/magick/Documents/dwyt/.buildozer/android/platform/build-arm64-v8a_armeabi-v7a/build/other_builds/jpeg/arm64-v8a__ndk_target_21/jpeg/CMakeFiles/CMakeTmp'



Performing C SOURCE FILE Test HAVE_BUILTIN_CTZL succeeded with the following output:
Change Dir: /home/magick/Documents/dwyt/.buildozer/android/platform/build-arm64-v8a_armeabi-v7a/build/other_builds/jpeg/arm64-v8a__ndk_target_21/jpeg/CMakeFiles/CMakeTmp

Run Build Command(s):/usr/bin/gmake -f Makefile cmTC_e6228/fast && make -j2  -f CMakeFiles/cmTC_e6228.dir/build.make CMakeFiles/cmTC_e6228.dir/build
make[1]: Entering directory '/home/magick/Documents/dwyt/.buildozer/android/platform/build-arm64-v8a_armeabi-v7a/build/other_builds/jpeg/arm64-v8a__ndk_target_21/jpeg/CMakeFiles/CMakeTmp'
Building C object CMakeFiles/cmTC_e6228.dir/src.c.o
/home/magick/.buildozer/android/platform/android-ndk-r23b/toolchains/llvm/prebuilt/linux-x86_64/bin/clang --target=aarch64-none-linux-android21 --sysroot=/home/magick/.buildozer/android/platform/android-ndk-r23b/toolchains/llvm/prebuilt/linux-x86_64/sysroot -DHAVE_BUILTIN_CTZL  -target aarch64-linux-android21 -fomit-frame-pointer -march=armv8-a -fPIC    -DANDROID -fdata-sections -ffunction-sections -funwind-tables -fstack-protector-strong -no-canonical-prefixes -D_FORTIFY_SOURCE=2 -Wformat -Werror=format-security -fexceptions  -O2 -g -DNDEBUG -fPIE -MD -MT CMakeFiles/cmTC_e6228.dir/src.c.o -MF CMakeFiles/cmTC_e6228.dir/src.c.o.d -o CMakeFiles/cmTC_e6228.dir/src.c.o -c /home/magick/Documents/dwyt/.buildozer/android/platform/build-arm64-v8a_armeabi-v7a/build/other_builds/jpeg/arm64-v8a__ndk_target_21/jpeg/CMakeFiles/CMakeTmp/src.c
Linking C executable cmTC_e6228
/usr/bin/cmake -E cmake_link_script CMakeFiles/cmTC_e6228.dir/link.txt --verbose=1
/home/magick/.buildozer/android/platform/android-ndk-r23b/toolchains/llvm/prebuilt/linux-x86_64/bin/clang --target=aarch64-none-linux-android21 --sysroot=/home/magick/.buildozer/android/platform/android-ndk-r23b/toolchains/llvm/prebuilt/linux-x86_64/sysroot -target aarch64-linux-android21 -fomit-frame-pointer -march=armv8-a -fPIC    -DANDROID -fdata-sections -ffunction-sections -funwind-tables -fstack-protector-strong -no-canonical-prefixes -D_FORTIFY_SOURCE=2 -Wformat -Werror=format-security -fexceptions  -O2 -g -DNDEBUG -Wl,--build-id=sha1 -Wl,--no-rosegment -Wl,--fatal-warnings -Qunused-arguments -Wl,--no-undefined  -Wl,--gc-sections   -L/home/magick/Documents/dwyt/.buildozer/android/platform/build-arm64-v8a_armeabi-v7a/build/libs_collections/dwyt/arm64-v8a  CMakeFiles/cmTC_e6228.dir/src.c.o -o cmTC_e6228   -latomic -lm 
make[1]: Leaving directory '/home/magick/Documents/dwyt/.buildozer/android/platform/build-arm64-v8a_armeabi-v7a/build/other_builds/jpeg/arm64-v8a__ndk_target_21/jpeg/CMakeFiles/CMakeTmp'


Source file was:
int main(int argc, char **argv) { unsigned long a = argc;  return __builtin_ctzl(a); }
Determining if files locale.h exist passed with the following output:
Change Dir: /home/magick/Documents/dwyt/.buildozer/android/platform/build-arm64-v8a_armeabi-v7a/build/other_builds/jpeg/arm64-v8a__ndk_target_21/jpeg/CMakeFiles/CMakeTmp

Run Build Command(s):/usr/bin/gmake -f Makefile cmTC_479db/fast && make -j2  -f CMakeFiles/cmTC_479db.dir/build.make CMakeFiles/cmTC_479db.dir/build
make[1]: Entering directory '/home/magick/Documents/dwyt/.buildozer/android/platform/build-arm64-v8a_armeabi-v7a/build/other_builds/jpeg/arm64-v8a__ndk_target_21/jpeg/CMakeFiles/CMakeTmp'
Building C object CMakeFiles/cmTC_479db.dir/HAVE_LOCALE_H.c.o
/home/magick/.buildozer/android/platform/android-ndk-r23b/toolchains/llvm/prebuilt/linux-x86_64/bin/clang --target=aarch64-none-linux-android21 --sysroot=/home/magick/.buildozer/android/platform/android-ndk-r23b/toolchains/llvm/prebuilt/linux-x86_64/sysroot   -target aarch64-linux-android21 -fomit-frame-pointer -march=armv8-a -fPIC    -DANDROID -fdata-sections -ffunction-sections -funwind-tables -fstack-protector-strong -no-canonical-prefixes -D_FORTIFY_SOURCE=2 -Wformat -Werror=format-security -fexceptions  -O2 -g -DNDEBUG -fPIE -MD -MT CMakeFiles/cmTC_479db.dir/HAVE_LOCALE_H.c.o -MF CMakeFiles/cmTC_479db.dir/HAVE_LOCALE_H.c.o.d -o CMakeFiles/cmTC_479db.dir/HAVE_LOCALE_H.c.o -c /home/magick/Documents/dwyt/.buildozer/android/platform/build-arm64-v8a_armeabi-v7a/build/other_builds/jpeg/arm64-v8a__ndk_target_21/jpeg/CMakeFiles/CheckIncludeFiles/HAVE_LOCALE_H.c
Linking C executable cmTC_479db
/usr/bin/cmake -E cmake_link_script CMakeFiles/cmTC_479db.dir/link.txt --verbose=1
/home/magick/.buildozer/android/platform/android-ndk-r23b/toolchains/llvm/prebuilt/linux-x86_64/bin/clang --target=aarch64-none-linux-android21 --sysroot=/home/magick/.buildozer/android/platform/android-ndk-r23b/toolchains/llvm/prebuilt/linux-x86_64/sysroot -target aarch64-linux-android21 -fomit-frame-pointer -march=armv8-a -fPIC    -DANDROID -fdata-sections -ffunction-sections -funwind-tables -fstack-protector-strong -no-canonical-prefixes -D_FORTIFY_SOURCE=2 -Wformat -Werror=format-security -fexceptions  -O2 -g -DNDEBUG -Wl,--build-id=sha1 -Wl,--no-rosegment -Wl,--fatal-warnings -Qunused-arguments -Wl,--no-undefined  -Wl,--gc-sections   -L/home/magick/Documents/dwyt/.buildozer/android/platform/build-arm64-v8a_armeabi-v7a/build/libs_collections/dwyt/arm64-v8a  CMakeFiles/cmTC_479db.dir/HAVE_LOCALE_H.c.o -o cmTC_479db   -latomic -lm 
make[1]: Leaving directory '/home/magick/Documents/dwyt/.buildozer/android/platform/build-arm64-v8a_armeabi-v7a/build/other_builds/jpeg/arm64-v8a__ndk_target_21/jpeg/CMakeFiles/CMakeTmp'



Determining if files stdlib.h exist passed with the following output:
Change Dir: /home/magick/Documents/dwyt/.buildozer/android/platform/build-arm64-v8a_armeabi-v7a/build/other_builds/jpeg/arm64-v8a__ndk_target_21/jpeg/CMakeFiles/CMakeTmp

Run Build Command(s):/usr/bin/gmake -f Makefile cmTC_12dd5/fast && make -j2  -f CMakeFiles/cmTC_12dd5.dir/build.make CMakeFiles/cmTC_12dd5.dir/build
make[1]: Entering directory '/home/magick/Documents/dwyt/.buildozer/android/platform/build-arm64-v8a_armeabi-v7a/build/other_builds/jpeg/arm64-v8a__ndk_target_21/jpeg/CMakeFiles/CMakeTmp'
Building C object CMakeFiles/cmTC_12dd5.dir/HAVE_STDLIB_H.c.o
/home/magick/.buildozer/android/platform/android-ndk-r23b/toolchains/llvm/prebuilt/linux-x86_64/bin/clang --target=aarch64-none-linux-android21 --sysroot=/home/magick/.buildozer/android/platform/android-ndk-r23b/toolchains/llvm/prebuilt/linux-x86_64/sysroot   -target aarch64-linux-android21 -fomit-frame-pointer -march=armv8-a -fPIC    -DANDROID -fdata-sections -ffunction-sections -funwind-tables -fstack-protector-strong -no-canonical-prefixes -D_FORTIFY_SOURCE=2 -Wformat -Werror=format-security -fexceptions  -O2 -g -DNDEBUG -fPIE -MD -MT CMakeFiles/cmTC_12dd5.dir/HAVE_STDLIB_H.c.o -MF CMakeFiles/cmTC_12dd5.dir/HAVE_STDLIB_H.c.o.d -o CMakeFiles/cmTC_12dd5.dir/HAVE_STDLIB_H.c.o -c /home/magick/Documents/dwyt/.buildozer/android/platform/build-arm64-v8a_armeabi-v7a/build/other_builds/jpeg/arm64-v8a__ndk_target_21/jpeg/CMakeFiles/CheckIncludeFiles/HAVE_STDLIB_H.c
Linking C executable cmTC_12dd5
/usr/bin/cmake -E cmake_link_script CMakeFiles/cmTC_12dd5.dir/link.txt --verbose=1
/home/magick/.buildozer/android/platform/android-ndk-r23b/toolchains/llvm/prebuilt/linux-x86_64/bin/clang --target=aarch64-none-linux-android21 --sysroot=/home/magick/.buildozer/android/platform/android-ndk-r23b/toolchains/llvm/prebuilt/linux-x86_64/sysroot -target aarch64-linux-android21 -fomit-frame-pointer -march=armv8-a -fPIC    -DANDROID -fdata-sections -ffunction-sections -funwind-tables -fstack-protector-strong -no-canonical-prefixes -D_FORTIFY_SOURCE=2 -Wformat -Werror=format-security -fexceptions  -O2 -g -DNDEBUG -Wl,--build-id=sha1 -Wl,--no-rosegment -Wl,--fatal-warnings -Qunused-arguments -Wl,--no-undefined  -Wl,--gc-sections   -L/home/magick/Documents/dwyt/.buildozer/android/platform/build-arm64-v8a_armeabi-v7a/build/libs_collections/dwyt/arm64-v8a  CMakeFiles/cmTC_12dd5.dir/HAVE_STDLIB_H.c.o -o cmTC_12dd5   -latomic -lm 
make[1]: Leaving directory '/home/magick/Documents/dwyt/.buildozer/android/platform/build-arm64-v8a_armeabi-v7a/build/other_builds/jpeg/arm64-v8a__ndk_target_21/jpeg/CMakeFiles/CMakeTmp'



Determining if files sys/types.h exist passed with the following output:
Change Dir: /home/magick/Documents/dwyt/.buildozer/android/platform/build-arm64-v8a_armeabi-v7a/build/other_builds/jpeg/arm64-v8a__ndk_target_21/jpeg/CMakeFiles/CMakeTmp

Run Build Command(s):/usr/bin/gmake -f Makefile cmTC_8cd37/fast && make -j2  -f CMakeFiles/cmTC_8cd37.dir/build.make CMakeFiles/cmTC_8cd37.dir/build
make[1]: Entering directory '/home/magick/Documents/dwyt/.buildozer/android/platform/build-arm64-v8a_armeabi-v7a/build/other_builds/jpeg/arm64-v8a__ndk_target_21/jpeg/CMakeFiles/CMakeTmp'
Building C object CMakeFiles/cmTC_8cd37.dir/NEED_SYS_TYPES_H.c.o
/home/magick/.buildozer/android/platform/android-ndk-r23b/toolchains/llvm/prebuilt/linux-x86_64/bin/clang --target=aarch64-none-linux-android21 --sysroot=/home/magick/.buildozer/android/platform/android-ndk-r23b/toolchains/llvm/prebuilt/linux-x86_64/sysroot   -target aarch64-linux-android21 -fomit-frame-pointer -march=armv8-a -fPIC    -DANDROID -fdata-sections -ffunction-sections -funwind-tables -fstack-protector-strong -no-canonical-prefixes -D_FORTIFY_SOURCE=2 -Wformat -Werror=format-security -fexceptions  -O2 -g -DNDEBUG -fPIE -MD -MT CMakeFiles/cmTC_8cd37.dir/NEED_SYS_TYPES_H.c.o -MF CMakeFiles/cmTC_8cd37.dir/NEED_SYS_TYPES_H.c.o.d -o CMakeFiles/cmTC_8cd37.dir/NEED_SYS_TYPES_H.c.o -c /home/magick/Documents/dwyt/.buildozer/android/platform/build-arm64-v8a_armeabi-v7a/build/other_builds/jpeg/arm64-v8a__ndk_target_21/jpeg/CMakeFiles/CheckIncludeFiles/NEED_SYS_TYPES_H.c
Linking C executable cmTC_8cd37
/usr/bin/cmake -E cmake_link_script CMakeFiles/cmTC_8cd37.dir/link.txt --verbose=1
/home/magick/.buildozer/android/platform/android-ndk-r23b/toolchains/llvm/prebuilt/linux-x86_64/bin/clang --target=aarch64-none-linux-android21 --sysroot=/home/magick/.buildozer/android/platform/android-ndk-r23b/toolchains/llvm/prebuilt/linux-x86_64/sysroot -target aarch64-linux-android21 -fomit-frame-pointer -march=armv8-a -fPIC    -DANDROID -fdata-sections -ffunction-sections -funwind-tables -fstack-protector-strong -no-canonical-prefixes -D_FORTIFY_SOURCE=2 -Wformat -Werror=format-security -fexceptions  -O2 -g -DNDEBUG -Wl,--build-id=sha1 -Wl,--no-rosegment -Wl,--fatal-warnings -Qunused-arguments -Wl,--no-undefined  -Wl,--gc-sections   -L/home/magick/Documents/dwyt/.buildozer/android/platform/build-arm64-v8a_armeabi-v7a/build/libs_collections/dwyt/arm64-v8a  CMakeFiles/cmTC_8cd37.dir/NEED_SYS_TYPES_H.c.o -o cmTC_8cd37   -latomic -lm 
make[1]: Leaving directory '/home/magick/Documents/dwyt/.buildozer/android/platform/build-arm64-v8a_armeabi-v7a/build/other_builds/jpeg/arm64-v8a__ndk_target_21/jpeg/CMakeFiles/CMakeTmp'



Determining if the memset exist passed with the following output:
Change Dir: /home/magick/Documents/dwyt/.buildozer/android/platform/build-arm64-v8a_armeabi-v7a/build/other_builds/jpeg/arm64-v8a__ndk_target_21/jpeg/CMakeFiles/CMakeTmp

Run Build Command(s):/usr/bin/gmake -f Makefile cmTC_8ae42/fast && make -j2  -f CMakeFiles/cmTC_8ae42.dir/build.make CMakeFiles/cmTC_8ae42.dir/build
make[1]: Entering directory '/home/magick/Documents/dwyt/.buildozer/android/platform/build-arm64-v8a_armeabi-v7a/build/other_builds/jpeg/arm64-v8a__ndk_target_21/jpeg/CMakeFiles/CMakeTmp'
Building C object CMakeFiles/cmTC_8ae42.dir/CheckSymbolExists.c.o
/home/magick/.buildozer/android/platform/android-ndk-r23b/toolchains/llvm/prebuilt/linux-x86_64/bin/clang --target=aarch64-none-linux-android21 --sysroot=/home/magick/.buildozer/android/platform/android-ndk-r23b/toolchains/llvm/prebuilt/linux-x86_64/sysroot   -target aarch64-linux-android21 -fomit-frame-pointer -march=armv8-a -fPIC    -DANDROID -fdata-sections -ffunction-sections -funwind-tables -fstack-protector-strong -no-canonical-prefixes -D_FORTIFY_SOURCE=2 -Wformat -fexceptions  -O2 -g -DNDEBUG -fPIE -MD -MT CMakeFiles/cmTC_8ae42.dir/CheckSymbolExists.c.o -MF CMakeFiles/cmTC_8ae42.dir/CheckSymbolExists.c.o.d -o CMakeFiles/cmTC_8ae42.dir/CheckSymbolExists.c.o -c /home/magick/Documents/dwyt/.buildozer/android/platform/build-arm64-v8a_armeabi-v7a/build/other_builds/jpeg/arm64-v8a__ndk_target_21/jpeg/CMakeFiles/CMakeTmp/CheckSymbolExists.c
Linking C executable cmTC_8ae42
/usr/bin/cmake -E cmake_link_script CMakeFiles/cmTC_8ae42.dir/link.txt --verbose=1
/home/magick/.buildozer/android/platform/android-ndk-r23b/toolchains/llvm/prebuilt/linux-x86_64/bin/clang --target=aarch64-none-linux-android21 --sysroot=/home/magick/.buildozer/android/platform/android-ndk-r23b/toolchains/llvm/prebuilt/linux-x86_64/sysroot -target aarch64-linux-android21 -fomit-frame-pointer -march=armv8-a -fPIC    -DANDROID -fdata-sections -ffunction-sections -funwind-tables -fstack-protector-strong -no-canonical-prefixes -D_FORTIFY_SOURCE=2 -Wformat -fexceptions  -O2 -g -DNDEBUG -Wl,--build-id=sha1 -Wl,--no-rosegment -Wl,--fatal-warnings -Qunused-arguments -Wl,--no-undefined  -Wl,--gc-sections   -L/home/magick/Documents/dwyt/.buildozer/android/platform/build-arm64-v8a_armeabi-v7a/build/libs_collections/dwyt/arm64-v8a  CMakeFiles/cmTC_8ae42.dir/CheckSymbolExists.c.o -o cmTC_8ae42   -latomic -lm 
make[1]: Leaving directory '/home/magick/Documents/dwyt/.buildozer/android/platform/build-arm64-v8a_armeabi-v7a/build/other_builds/jpeg/arm64-v8a__ndk_target_21/jpeg/CMakeFiles/CMakeTmp'


File /home/magick/Documents/dwyt/.buildozer/android/platform/build-arm64-v8a_armeabi-v7a/build/other_builds/jpeg/arm64-v8a__ndk_target_21/jpeg/CMakeFiles/CMakeTmp/CheckSymbolExists.c:
/* */
#include <string.h>

int main(int argc, char** argv)
{
  (void)argv;
#ifndef memset
  return ((int*)(&memset))[argc];
#else
  (void)argc;
  return 0;
#endif
}
Determining if the memcpy exist passed with the following output:
Change Dir: /home/magick/Documents/dwyt/.buildozer/android/platform/build-arm64-v8a_armeabi-v7a/build/other_builds/jpeg/arm64-v8a__ndk_target_21/jpeg/CMakeFiles/CMakeTmp

Run Build Command(s):/usr/bin/gmake -f Makefile cmTC_55126/fast && make -j2  -f CMakeFiles/cmTC_55126.dir/build.make CMakeFiles/cmTC_55126.dir/build
make[1]: Entering directory '/home/magick/Documents/dwyt/.buildozer/android/platform/build-arm64-v8a_armeabi-v7a/build/other_builds/jpeg/arm64-v8a__ndk_target_21/jpeg/CMakeFiles/CMakeTmp'
Building C object CMakeFiles/cmTC_55126.dir/CheckSymbolExists.c.o
/home/magick/.buildozer/android/platform/android-ndk-r23b/toolchains/llvm/prebuilt/linux-x86_64/bin/clang --target=aarch64-none-linux-android21 --sysroot=/home/magick/.buildozer/android/platform/android-ndk-r23b/toolchains/llvm/prebuilt/linux-x86_64/sysroot   -target aarch64-linux-android21 -fomit-frame-pointer -march=armv8-a -fPIC    -DANDROID -fdata-sections -ffunction-sections -funwind-tables -fstack-protector-strong -no-canonical-prefixes -D_FORTIFY_SOURCE=2 -Wformat -fexceptions  -O2 -g -DNDEBUG -fPIE -MD -MT CMakeFiles/cmTC_55126.dir/CheckSymbolExists.c.o -MF CMakeFiles/cmTC_55126.dir/CheckSymbolExists.c.o.d -o CMakeFiles/cmTC_55126.dir/CheckSymbolExists.c.o -c /home/magick/Documents/dwyt/.buildozer/android/platform/build-arm64-v8a_armeabi-v7a/build/other_builds/jpeg/arm64-v8a__ndk_target_21/jpeg/CMakeFiles/CMakeTmp/CheckSymbolExists.c
Linking C executable cmTC_55126
/usr/bin/cmake -E cmake_link_script CMakeFiles/cmTC_55126.dir/link.txt --verbose=1
/home/magick/.buildozer/android/platform/android-ndk-r23b/toolchains/llvm/prebuilt/linux-x86_64/bin/clang --target=aarch64-none-linux-android21 --sysroot=/home/magick/.buildozer/android/platform/android-ndk-r23b/toolchains/llvm/prebuilt/linux-x86_64/sysroot -target aarch64-linux-android21 -fomit-frame-pointer -march=armv8-a -fPIC    -DANDROID -fdata-sections -ffunction-sections -funwind-tables -fstack-protector-strong -no-canonical-prefixes -D_FORTIFY_SOURCE=2 -Wformat -fexceptions  -O2 -g -DNDEBUG -Wl,--build-id=sha1 -Wl,--no-rosegment -Wl,--fatal-warnings -Qunused-arguments -Wl,--no-undefined  -Wl,--gc-sections   -L/home/magick/Documents/dwyt/.buildozer/android/platform/build-arm64-v8a_armeabi-v7a/build/libs_collections/dwyt/arm64-v8a  CMakeFiles/cmTC_55126.dir/CheckSymbolExists.c.o -o cmTC_55126   -latomic -lm 
make[1]: Leaving directory '/home/magick/Documents/dwyt/.buildozer/android/platform/build-arm64-v8a_armeabi-v7a/build/other_builds/jpeg/arm64-v8a__ndk_target_21/jpeg/CMakeFiles/CMakeTmp'


File /home/magick/Documents/dwyt/.buildozer/android/platform/build-arm64-v8a_armeabi-v7a/build/other_builds/jpeg/arm64-v8a__ndk_target_21/jpeg/CMakeFiles/CMakeTmp/CheckSymbolExists.c:
/* */
#include <string.h>

int main(int argc, char** argv)
{
  (void)argv;
#ifndef memcpy
  return ((int*)(&memcpy))[argc];
#else
  (void)argc;
  return 0;
#endif
}
Determining size of unsigned char passed with the following output:
Change Dir: /home/magick/Documents/dwyt/.buildozer/android/platform/build-arm64-v8a_armeabi-v7a/build/other_builds/jpeg/arm64-v8a__ndk_target_21/jpeg/CMakeFiles/CMakeTmp

Run Build Command(s):/usr/bin/gmake -f Makefile cmTC_279fe/fast && make -j2  -f CMakeFiles/cmTC_279fe.dir/build.make CMakeFiles/cmTC_279fe.dir/build
make[1]: Entering directory '/home/magick/Documents/dwyt/.buildozer/android/platform/build-arm64-v8a_armeabi-v7a/build/other_builds/jpeg/arm64-v8a__ndk_target_21/jpeg/CMakeFiles/CMakeTmp'
Building C object CMakeFiles/cmTC_279fe.dir/UNSIGNED_CHAR.c.o
/home/magick/.buildozer/android/platform/android-ndk-r23b/toolchains/llvm/prebuilt/linux-x86_64/bin/clang --target=aarch64-none-linux-android21 --sysroot=/home/magick/.buildozer/android/platform/android-ndk-r23b/toolchains/llvm/prebuilt/linux-x86_64/sysroot   -target aarch64-linux-android21 -fomit-frame-pointer -march=armv8-a -fPIC    -DANDROID -fdata-sections -ffunction-sections -funwind-tables -fstack-protector-strong -no-canonical-prefixes -D_FORTIFY_SOURCE=2 -Wformat -Werror=format-security -fexceptions  -O2 -g -DNDEBUG -fPIE -MD -MT CMakeFiles/cmTC_279fe.dir/UNSIGNED_CHAR.c.o -MF CMakeFiles/cmTC_279fe.dir/UNSIGNED_CHAR.c.o.d -o CMakeFiles/cmTC_279fe.dir/UNSIGNED_CHAR.c.o -c /home/magick/Documents/dwyt/.buildozer/android/platform/build-arm64-v8a_armeabi-v7a/build/other_builds/jpeg/arm64-v8a__ndk_target_21/jpeg/CMakeFiles/CheckTypeSize/UNSIGNED_CHAR.c
Linking C executable cmTC_279fe
/usr/bin/cmake -E cmake_link_script CMakeFiles/cmTC_279fe.dir/link.txt --verbose=1
/home/magick/.buildozer/android/platform/android-ndk-r23b/toolchains/llvm/prebuilt/linux-x86_64/bin/clang --target=aarch64-none-linux-android21 --sysroot=/home/magick/.buildozer/android/platform/android-ndk-r23b/toolchains/llvm/prebuilt/linux-x86_64/sysroot -target aarch64-linux-android21 -fomit-frame-pointer -march=armv8-a -fPIC    -DANDROID -fdata-sections -ffunction-sections -funwind-tables -fstack-protector-strong -no-canonical-prefixes -D_FORTIFY_SOURCE=2 -Wformat -Werror=format-security -fexceptions  -O2 -g -DNDEBUG -Wl,--build-id=sha1 -Wl,--no-rosegment -Wl,--fatal-warnings -Qunused-arguments -Wl,--no-undefined  -Wl,--gc-sections   -L/home/magick/Documents/dwyt/.buildozer/android/platform/build-arm64-v8a_armeabi-v7a/build/libs_collections/dwyt/arm64-v8a  CMakeFiles/cmTC_279fe.dir/UNSIGNED_CHAR.c.o -o cmTC_279fe   -latomic -lm 
make[1]: Leaving directory '/home/magick/Documents/dwyt/.buildozer/android/platform/build-arm64-v8a_armeabi-v7a/build/other_builds/jpeg/arm64-v8a__ndk_target_21/jpeg/CMakeFiles/CMakeTmp'



Determining size of unsigned short passed with the following output:
Change Dir: /home/magick/Documents/dwyt/.buildozer/android/platform/build-arm64-v8a_armeabi-v7a/build/other_builds/jpeg/arm64-v8a__ndk_target_21/jpeg/CMakeFiles/CMakeTmp

Run Build Command(s):/usr/bin/gmake -f Makefile cmTC_c339e/fast && make -j2  -f CMakeFiles/cmTC_c339e.dir/build.make CMakeFiles/cmTC_c339e.dir/build
make[1]: Entering directory '/home/magick/Documents/dwyt/.buildozer/android/platform/build-arm64-v8a_armeabi-v7a/build/other_builds/jpeg/arm64-v8a__ndk_target_21/jpeg/CMakeFiles/CMakeTmp'
Building C object CMakeFiles/cmTC_c339e.dir/UNSIGNED_SHORT.c.o
/home/magick/.buildozer/android/platform/android-ndk-r23b/toolchains/llvm/prebuilt/linux-x86_64/bin/clang --target=aarch64-none-linux-android21 --sysroot=/home/magick/.buildozer/android/platform/android-ndk-r23b/toolchains/llvm/prebuilt/linux-x86_64/sysroot   -target aarch64-linux-android21 -fomit-frame-pointer -march=armv8-a -fPIC    -DANDROID -fdata-sections -ffunction-sections -funwind-tables -fstack-protector-strong -no-canonical-prefixes -D_FORTIFY_SOURCE=2 -Wformat -Werror=format-security -fexceptions  -O2 -g -DNDEBUG -fPIE -MD -MT CMakeFiles/cmTC_c339e.dir/UNSIGNED_SHORT.c.o -MF CMakeFiles/cmTC_c339e.dir/UNSIGNED_SHORT.c.o.d -o CMakeFiles/cmTC_c339e.dir/UNSIGNED_SHORT.c.o -c /home/magick/Documents/dwyt/.buildozer/android/platform/build-arm64-v8a_armeabi-v7a/build/other_builds/jpeg/arm64-v8a__ndk_target_21/jpeg/CMakeFiles/CheckTypeSize/UNSIGNED_SHORT.c
Linking C executable cmTC_c339e
/usr/bin/cmake -E cmake_link_script CMakeFiles/cmTC_c339e.dir/link.txt --verbose=1
/home/magick/.buildozer/android/platform/android-ndk-r23b/toolchains/llvm/prebuilt/linux-x86_64/bin/clang --target=aarch64-none-linux-android21 --sysroot=/home/magick/.buildozer/android/platform/android-ndk-r23b/toolchains/llvm/prebuilt/linux-x86_64/sysroot -target aarch64-linux-android21 -fomit-frame-pointer -march=armv8-a -fPIC    -DANDROID -fdata-sections -ffunction-sections -funwind-tables -fstack-protector-strong -no-canonical-prefixes -D_FORTIFY_SOURCE=2 -Wformat -Werror=format-security -fexceptions  -O2 -g -DNDEBUG -Wl,--build-id=sha1 -Wl,--no-rosegment -Wl,--fatal-warnings -Qunused-arguments -Wl,--no-undefined  -Wl,--gc-sections   -L/home/magick/Documents/dwyt/.buildozer/android/platform/build-arm64-v8a_armeabi-v7a/build/libs_collections/dwyt/arm64-v8a  CMakeFiles/cmTC_c339e.dir/UNSIGNED_SHORT.c.o -o cmTC_c339e   -latomic -lm 
make[1]: Leaving directory '/home/magick/Documents/dwyt/.buildozer/android/platform/build-arm64-v8a_armeabi-v7a/build/other_builds/jpeg/arm64-v8a__ndk_target_21/jpeg/CMakeFiles/CMakeTmp'



Performing C SOURCE FILE Test INCOMPLETE_TYPES succeeded with the following output:
Change Dir: /home/magick/Documents/dwyt/.buildozer/android/platform/build-arm64-v8a_armeabi-v7a/build/other_builds/jpeg/arm64-v8a__ndk_target_21/jpeg/CMakeFiles/CMakeTmp

Run Build Command(s):/usr/bin/gmake -f Makefile cmTC_ceae4/fast && make -j2  -f CMakeFiles/cmTC_ceae4.dir/build.make CMakeFiles/cmTC_ceae4.dir/build
make[1]: Entering directory '/home/magick/Documents/dwyt/.buildozer/android/platform/build-arm64-v8a_armeabi-v7a/build/other_builds/jpeg/arm64-v8a__ndk_target_21/jpeg/CMakeFiles/CMakeTmp'
Building C object CMakeFiles/cmTC_ceae4.dir/src.c.o
/home/magick/.buildozer/android/platform/android-ndk-r23b/toolchains/llvm/prebuilt/linux-x86_64/bin/clang --target=aarch64-none-linux-android21 --sysroot=/home/magick/.buildozer/android/platform/android-ndk-r23b/toolchains/llvm/prebuilt/linux-x86_64/sysroot -DINCOMPLETE_TYPES  -target aarch64-linux-android21 -fomit-frame-pointer -march=armv8-a -fPIC    -DANDROID -fdata-sections -ffunction-sections -funwind-tables -fstack-protector-strong -no-canonical-prefixes -D_FORTIFY_SOURCE=2 -Wformat -Werror=format-security -fexceptions  -O2 -g -DNDEBUG -fPIE -MD -MT CMakeFiles/cmTC_ceae4.dir/src.c.o -MF CMakeFiles/cmTC_ceae4.dir/src.c.o.d -o CMakeFiles/cmTC_ceae4.dir/src.c.o -c /home/magick/Documents/dwyt/.buildozer/android/platform/build-arm64-v8a_armeabi-v7a/build/other_builds/jpeg/arm64-v8a__ndk_target_21/jpeg/CMakeFiles/CMakeTmp/src.c
Linking C executable cmTC_ceae4
/usr/bin/cmake -E cmake_link_script CMakeFiles/cmTC_ceae4.dir/link.txt --verbose=1
/home/magick/.buildozer/android/platform/android-ndk-r23b/toolchains/llvm/prebuilt/linux-x86_64/bin/clang --target=aarch64-none-linux-android21 --sysroot=/home/magick/.buildozer/android/platform/android-ndk-r23b/toolchains/llvm/prebuilt/linux-x86_64/sysroot -target aarch64-linux-android21 -fomit-frame-pointer -march=armv8-a -fPIC    -DANDROID -fdata-sections -ffunction-sections -funwind-tables -fstack-protector-strong -no-canonical-prefixes -D_FORTIFY_SOURCE=2 -Wformat -Werror=format-security -fexceptions  -O2 -g -DNDEBUG -Wl,--build-id=sha1 -Wl,--no-rosegment -Wl,--fatal-warnings -Qunused-arguments -Wl,--no-undefined  -Wl,--gc-sections   -L/home/magick/Documents/dwyt/.buildozer/android/platform/build-arm64-v8a_armeabi-v7a/build/libs_collections/dwyt/arm64-v8a  CMakeFiles/cmTC_ceae4.dir/src.c.o -o cmTC_ceae4   -latomic -lm 
make[1]: Leaving directory '/home/magick/Documents/dwyt/.buildozer/android/platform/build-arm64-v8a_armeabi-v7a/build/other_builds/jpeg/arm64-v8a__ndk_target_21/jpeg/CMakeFiles/CMakeTmp'


Source file was:
int main(void) { typedef struct undefined_structure *undef_struct_ptr;  undef_struct_ptr ptr = 0;  return ptr != 0; }
Performing C SOURCE FILE Test INLINE_WORKS succeeded with the following output:
Change Dir: /home/magick/Documents/dwyt/.buildozer/android/platform/build-arm64-v8a_armeabi-v7a/build/other_builds/jpeg/arm64-v8a__ndk_target_21/jpeg/CMakeFiles/CMakeTmp

Run Build Command(s):/usr/bin/gmake -f Makefile cmTC_ded07/fast && make -j2  -f CMakeFiles/cmTC_ded07.dir/build.make CMakeFiles/cmTC_ded07.dir/build
make[1]: Entering directory '/home/magick/Documents/dwyt/.buildozer/android/platform/build-arm64-v8a_armeabi-v7a/build/other_builds/jpeg/arm64-v8a__ndk_target_21/jpeg/CMakeFiles/CMakeTmp'
Building C object CMakeFiles/cmTC_ded07.dir/src.c.o
/home/magick/.buildozer/android/platform/android-ndk-r23b/toolchains/llvm/prebuilt/linux-x86_64/bin/clang --target=aarch64-none-linux-android21 --sysroot=/home/magick/.buildozer/android/platform/android-ndk-r23b/toolchains/llvm/prebuilt/linux-x86_64/sysroot -DINLINE_WORKS  -target aarch64-linux-android21 -fomit-frame-pointer -march=armv8-a -fPIC    -DANDROID -fdata-sections -ffunction-sections -funwind-tables -fstack-protector-strong -no-canonical-prefixes -D_FORTIFY_SOURCE=2 -Wformat -Werror=format-security -fexceptions  -O2 -g -DNDEBUG -fPIE -MD -MT CMakeFiles/cmTC_ded07.dir/src.c.o -MF CMakeFiles/cmTC_ded07.dir/src.c.o.d -o CMakeFiles/cmTC_ded07.dir/src.c.o -c /home/magick/Documents/dwyt/.buildozer/android/platform/build-arm64-v8a_armeabi-v7a/build/other_builds/jpeg/arm64-v8a__ndk_target_21/jpeg/CMakeFiles/CMakeTmp/src.c
Linking C executable cmTC_ded07
/usr/bin/cmake -E cmake_link_script CMakeFiles/cmTC_ded07.dir/link.txt --verbose=1
/home/magick/.buildozer/android/platform/android-ndk-r23b/toolchains/llvm/prebuilt/linux-x86_64/bin/clang --target=aarch64-none-linux-android21 --sysroot=/home/magick/.buildozer/android/platform/android-ndk-r23b/toolchains/llvm/prebuilt/linux-x86_64/sysroot -target aarch64-linux-android21 -fomit-frame-pointer -march=armv8-a -fPIC    -DANDROID -fdata-sections -ffunction-sections -funwind-tables -fstack-protector-strong -no-canonical-prefixes -D_FORTIFY_SOURCE=2 -Wformat -Werror=format-security -fexceptions  -O2 -g -DNDEBUG -Wl,--build-id=sha1 -Wl,--no-rosegment -Wl,--fatal-warnings -Qunused-arguments -Wl,--no-undefined  -Wl,--gc-sections   -L/home/magick/Documents/dwyt/.buildozer/android/platform/build-arm64-v8a_armeabi-v7a/build/libs_collections/dwyt/arm64-v8a  CMakeFiles/cmTC_ded07.dir/src.c.o -o cmTC_ded07   -latomic -lm 
make[1]: Leaving directory '/home/magick/Documents/dwyt/.buildozer/android/platform/build-arm64-v8a_armeabi-v7a/build/other_builds/jpeg/arm64-v8a__ndk_target_21/jpeg/CMakeFiles/CMakeTmp'


Source file was:
__inline__ __attribute__((always_inline)) static int foo(void) { return 0; } int main(void) { return foo(); }
Performing C SOURCE FILE Test HAVE_VERSION_SCRIPT succeeded with the following output:
Change Dir: /home/magick/Documents/dwyt/.buildozer/android/platform/build-arm64-v8a_armeabi-v7a/build/other_builds/jpeg/arm64-v8a__ndk_target_21/jpeg/CMakeFiles/CMakeTmp

Run Build Command(s):/usr/bin/gmake -f Makefile cmTC_1c798/fast && make -j2  -f CMakeFiles/cmTC_1c798.dir/build.make CMakeFiles/cmTC_1c798.dir/build
make[1]: Entering directory '/home/magick/Documents/dwyt/.buildozer/android/platform/build-arm64-v8a_armeabi-v7a/build/other_builds/jpeg/arm64-v8a__ndk_target_21/jpeg/CMakeFiles/CMakeTmp'
Building C object CMakeFiles/cmTC_1c798.dir/src.c.o
/home/magick/.buildozer/android/platform/android-ndk-r23b/toolchains/llvm/prebuilt/linux-x86_64/bin/clang --target=aarch64-none-linux-android21 --sysroot=/home/magick/.buildozer/android/platform/android-ndk-r23b/toolchains/llvm/prebuilt/linux-x86_64/sysroot -DHAVE_VERSION_SCRIPT  -target aarch64-linux-android21 -fomit-frame-pointer -march=armv8-a -fPIC    -DANDROID -fdata-sections -ffunction-sections -funwind-tables -fstack-protector-strong -no-canonical-prefixes -D_FORTIFY_SOURCE=2 -Wformat -Werror=format-security -fexceptions -Wl,--version-script,/home/magick/Documents/dwyt/.buildozer/android/platform/build-arm64-v8a_armeabi-v7a/build/other_builds/jpeg/arm64-v8a__ndk_target_21/jpeg/conftest.map -O2 -g -DNDEBUG -fPIE -MD -MT CMakeFiles/cmTC_1c798.dir/src.c.o -MF CMakeFiles/cmTC_1c798.dir/src.c.o.d -o CMakeFiles/cmTC_1c798.dir/src.c.o -c /home/magick/Documents/dwyt/.buildozer/android/platform/build-arm64-v8a_armeabi-v7a/build/other_builds/jpeg/arm64-v8a__ndk_target_21/jpeg/CMakeFiles/CMakeTmp/src.c
clang: warning: -Wl,--version-script,/home/magick/Documents/dwyt/.buildozer/android/platform/build-arm64-v8a_armeabi-v7a/build/other_builds/jpeg/arm64-v8a__ndk_target_21/jpeg/conftest.map: 'linker' input unused [-Wunused-command-line-argument]
Linking C executable cmTC_1c798
/usr/bin/cmake -E cmake_link_script CMakeFiles/cmTC_1c798.dir/link.txt --verbose=1
/home/magick/.buildozer/android/platform/android-ndk-r23b/toolchains/llvm/prebuilt/linux-x86_64/bin/clang --target=aarch64-none-linux-android21 --sysroot=/home/magick/.buildozer/android/platform/android-ndk-r23b/toolchains/llvm/prebuilt/linux-x86_64/sysroot -target aarch64-linux-android21 -fomit-frame-pointer -march=armv8-a -fPIC    -DANDROID -fdata-sections -ffunction-sections -funwind-tables -fstack-protector-strong -no-canonical-prefixes -D_FORTIFY_SOURCE=2 -Wformat -Werror=format-security -fexceptions -Wl,--version-script,/home/magick/Documents/dwyt/.buildozer/android/platform/build-arm64-v8a_armeabi-v7a/build/other_builds/jpeg/arm64-v8a__ndk_target_21/jpeg/conftest.map -O2 -g -DNDEBUG -Wl,--build-id=sha1 -Wl,--no-rosegment -Wl,--fatal-warnings -Qunused-arguments -Wl,--no-undefined  -Wl,--gc-sections   -L/home/magick/Documents/dwyt/.buildozer/android/platform/build-arm64-v8a_armeabi-v7a/build/libs_collections/dwyt/arm64-v8a  CMakeFiles/cmTC_1c798.dir/src.c.o -o cmTC_1c798   -latomic -lm 
make[1]: Leaving directory '/home/magick/Documents/dwyt/.buildozer/android/platform/build-arm64-v8a_armeabi-v7a/build/other_builds/jpeg/arm64-v8a__ndk_target_21/jpeg/CMakeFiles/CMakeTmp'


Source file was:
int main(void) { return 0; }
Checking whether the ASM compiler is Clang using "--version" matched "(clang version)":
Android (7714059, based on r416183c1) clang version 12.0.8 (https://android.googlesource.com/toolchain/llvm-project c935d99d7cf2016289302412d708641d52d2f7ee)
Target: x86_64-unknown-linux-gnu
Thread model: posix
InstalledDir: /home/magick/.buildozer/android/platform/android-ndk-r23b/toolchains/llvm/prebuilt/linux-x86_64/bin
